./script.sh 
****************************************
Epochs: 1, each: 2302560 steps
Steps: 2302560
teacher_name: 	None
teacher_dset: 	False
dataset: 	/opt/datasets/deepsig/modulation_classification_resnet_train.rcrd
val_dataset: 	/opt/datasets/deepsig/modulation_classification_test_snr_30.rcrd
steps: 	2302560
epochs: 	1
test: 	False
no_mean: 	False
test_output: 	None
test_batches: 	154
batch_size: 	64
learning_rate: 	0.01
model: 	resnet_twn
norespath: 	True
twn_incr_act: 	None
nu_conv: 	1.2
nu_dense: 	0.7
no_filt_vgg: 	None
no_filts: 	None
gpus: 	0
channel: 	16
directory: ../models/resnet_twn_ch16_norespath
****************************************
nu: [1.2, 1.2, 1.2, 1.2, 1.2, 1.2, 0.7, 0.7, 0.7], 
act_prec: [16, 16, 16, 16, 16, 16, 16, 16, 16], 
kernel: [3, 3, 3, 3, 3, 3, 3, 3, 3]
False
INFO:tensorflow:Starting train loop at step 0
2019-12-23 20:24:23.039712: I tensorflow/stream_executor/platform/default/dso_loader.cc:42] Successfully opened dynamic library libcublas.so.10.0
2019-12-23 20:24:24.695702: I tensorflow/stream_executor/platform/default/dso_loader.cc:42] Successfully opened dynamic library libcudnn.so.7
INFO:tensorflow:Step: 10000 - Test batch complete: accr = 0.4028003246753247
INFO:tensorflow:Step: 20000 - Test batch complete: accr = 0.4937094155844156
INFO:tensorflow:Step: 30000 - Test batch complete: accr = 0.5863433441558441
INFO:tensorflow:Step: 40000 - Test batch complete: accr = 0.6428571428571429
INFO:tensorflow:Step: 50000 - Test batch complete: accr = 0.5772118506493507
INFO:tensorflow:Step: 60000 - Test batch complete: accr = 0.6209415584415584
INFO:tensorflow:Step: 70000 - Test batch complete: accr = 0.5772118506493507
INFO:tensorflow:Step: 80000 - Test batch complete: accr = 0.6839488636363636
INFO:tensorflow:Step: 90000 - Test batch complete: accr = 0.6476258116883117
INFO:tensorflow:Step: 100000 - Test batch complete: accr = 0.6785714285714286
INFO:tensorflow:Step: 110000 - Test batch complete: accr = 0.7061688311688312
INFO:tensorflow:Step: 120000 - Test batch complete: accr = 0.7130681818181818
INFO:tensorflow:Step: 130000 - Test batch complete: accr = 0.5922280844155844
INFO:tensorflow:Step: 140000 - Test batch complete: accr = 0.7227069805194806
INFO:tensorflow:Step: 150000 - Test batch complete: accr = 0.6349431818181818
INFO:tensorflow:Step: 160000 - Test batch complete: accr = 0.666599025974026
INFO:tensorflow:Step: 170000 - Test batch complete: accr = 0.7198660714285714
INFO:tensorflow:Step: 180000 - Test batch complete: accr = 0.656047077922078
INFO:tensorflow:Step: 190000 - Test batch complete: accr = 0.7104301948051948
INFO:tensorflow:Step: 200000 - Test batch complete: accr = 0.6541193181818182
INFO:tensorflow:Step: 210000 - Test batch complete: accr = 0.718952922077922
INFO:tensorflow:Step: 220000 - Test batch complete: accr = 0.6590909090909091
INFO:tensorflow:Step: 230000 - Test batch complete: accr = 0.7438108766233766
INFO:tensorflow:Step: 240000 - Test batch complete: accr = 0.6758319805194806
INFO:tensorflow:Step: 250000 - Test batch complete: accr = 0.6209415584415584
INFO:tensorflow:Step: 260000 - Test batch complete: accr = 0.565239448051948
INFO:tensorflow:Step: 270000 - Test batch complete: accr = 0.6531047077922078
INFO:tensorflow:Step: 280000 - Test batch complete: accr = 0.6920657467532467
INFO:tensorflow:Step: 290000 - Test batch complete: accr = 0.6767451298701299
INFO:tensorflow:Step: 300000 - Test batch complete: accr = 0.7276785714285714
INFO:tensorflow:Step: 310000 - Test batch complete: accr = 0.6761363636363636
INFO:tensorflow:Step: 320000 - Test batch complete: accr = 0.5590503246753247
INFO:tensorflow:Step: 330000 - Test batch complete: accr = 0.6761363636363636
INFO:tensorflow:Step: 340000 - Test batch complete: accr = 0.7038352272727273
INFO:tensorflow:Step: 350000 - Test batch complete: accr = 0.713474025974026
INFO:tensorflow:Step: 360000 - Test batch complete: accr = 0.7521306818181818
INFO:tensorflow:Step: 370000 - Test batch complete: accr = 0.705560064935065
INFO:tensorflow:Step: 380000 - Test batch complete: accr = 0.7306209415584416
INFO:tensorflow:Step: 390000 - Test batch complete: accr = 0.7393465909090909
INFO:tensorflow:Step: 400000 - Test batch complete: accr = 0.7207792207792207
INFO:tensorflow:Step: 410000 - Test batch complete: accr = 0.6696428571428571
INFO:tensorflow:Step: 420000 - Test batch complete: accr = 0.7217938311688312
INFO:tensorflow:Step: 430000 - Test batch complete: accr = 0.5866477272727273
INFO:tensorflow:Step: 440000 - Test batch complete: accr = 0.5062905844155844
INFO:tensorflow:Step: 450000 - Test batch complete: accr = 0.7089082792207793
INFO:tensorflow:Step: 460000 - Test batch complete: accr = 0.7307224025974026
INFO:tensorflow:Step: 470000 - Test batch complete: accr = 0.6806006493506493
INFO:tensorflow:Step: 480000 - Test batch complete: accr = 0.6726866883116883
INFO:tensorflow:Step: 490000 - Test batch complete: accr = 0.7393465909090909
INFO:tensorflow:Step: 500000 - Test batch complete: accr = 0.6760349025974026
INFO:tensorflow:Step: 510000 - Test batch complete: accr = 0.5804586038961039
INFO:tensorflow:Step: 520000 - Test batch complete: accr = 0.6830357142857143
INFO:tensorflow:Step: 530000 - Test batch complete: accr = 0.5404829545454546
INFO:tensorflow:Step: 540000 - Test batch complete: accr = 0.7337662337662337
INFO:tensorflow:Step: 550000 - Test batch complete: accr = 0.6463068181818182
INFO:tensorflow:Step: 560000 - Test batch complete: accr = 0.7096185064935064
INFO:tensorflow:Step: 570000 - Test batch complete: accr = 0.6779626623376623
INFO:tensorflow:Step: 580000 - Test batch complete: accr = 0.7219967532467533
INFO:tensorflow:Step: 590000 - Test batch complete: accr = 0.6050121753246753
INFO:tensorflow:Step: 600000 - Test batch complete: accr = 0.7246347402597403
INFO:tensorflow:Step: 610000 - Test batch complete: accr = 0.6679180194805194
INFO:tensorflow:Step: 620000 - Test batch complete: accr = 0.7122564935064936
INFO:tensorflow:Step: 630000 - Test batch complete: accr = 0.7121550324675324
INFO:tensorflow:Step: 640000 - Test batch complete: accr = 0.6438717532467533
INFO:tensorflow:Step: 650000 - Test batch complete: accr = 0.6083603896103896
INFO:tensorflow:Step: 660000 - Test batch complete: accr = 0.7153003246753247
INFO:tensorflow:Step: 670000 - Test batch complete: accr = 0.6540178571428571
INFO:tensorflow:Step: 680000 - Test batch complete: accr = 0.6817167207792207
INFO:tensorflow:Step: 690000 - Test batch complete: accr = 0.7375202922077922
INFO:tensorflow:Step: 700000 - Test batch complete: accr = 0.6661931818181818
INFO:tensorflow:Step: 710000 - Test batch complete: accr = 0.6685267857142857
INFO:tensorflow:Step: 720000 - Test batch complete: accr = 0.6548295454545454
INFO:tensorflow:Step: 730000 - Test batch complete: accr = 0.6854707792207793
INFO:tensorflow:Step: 740000 - Test batch complete: accr = 0.7100243506493507
INFO:tensorflow:Step: 750000 - Test batch complete: accr = 0.6053165584415584
INFO:tensorflow:Step: 760000 - Test batch complete: accr = 0.7193587662337663
INFO:tensorflow:Step: 770000 - Test batch complete: accr = 0.718851461038961
INFO:tensorflow:Step: 780000 - Test batch complete: accr = 0.6659902597402597
INFO:tensorflow:Step: 790000 - Test batch complete: accr = 0.7573051948051948
INFO:tensorflow:Step: 800000 - Test batch complete: accr = 0.6703530844155844
INFO:tensorflow:Step: 810000 - Test batch complete: accr = 0.17674512987012986
INFO:tensorflow:Step: 820000 - Test batch complete: accr = 0.6322037337662337
INFO:tensorflow:Step: 830000 - Test batch complete: accr = 0.40523538961038963
INFO:tensorflow:Step: 840000 - Test batch complete: accr = 0.2614650974025974
INFO:tensorflow:Step: 850000 - Test batch complete: accr = 0.6015625
INFO:tensorflow:Step: 860000 - Test batch complete: accr = 0.2825689935064935
INFO:tensorflow:Step: 870000 - Test batch complete: accr = 0.6758319805194806
INFO:tensorflow:Step: 880000 - Test batch complete: accr = 0.6728896103896104
INFO:tensorflow:Step: 890000 - Test batch complete: accr = 0.6649756493506493
INFO:tensorflow:Step: 900000 - Test batch complete: accr = 0.6774553571428571
INFO:tensorflow:Step: 910000 - Test batch complete: accr = 0.6792816558441559
INFO:tensorflow:Step: 920000 - Test batch complete: accr = 0.6753246753246753
INFO:tensorflow:Step: 930000 - Test batch complete: accr = 0.676948051948052
INFO:tensorflow:Step: 940000 - Test batch complete: accr = 0.6227678571428571
INFO:tensorflow:Step: 950000 - Test batch complete: accr = 0.6783685064935064
INFO:tensorflow:Step: 960000 - Test batch complete: accr = 0.6763392857142857
INFO:tensorflow:Step: 970000 - Test batch complete: accr = 0.6804991883116883
INFO:tensorflow:Step: 980000 - Test batch complete: accr = 0.09202516233766234
INFO:tensorflow:Step: 990000 - Test batch complete: accr = 0.10359172077922078
INFO:tensorflow:Step: 1000000 - Test batch complete: accr = 0.3731737012987013
INFO:tensorflow:Step: 1010000 - Test batch complete: accr = 0.5708198051948052
INFO:tensorflow:Step: 1020000 - Test batch complete: accr = 0.2619724025974026
INFO:tensorflow:Step: 1030000 - Test batch complete: accr = 0.5517451298701299
INFO:tensorflow:Step: 1040000 - Test batch complete: accr = 0.6601055194805194
INFO:tensorflow:Step: 1050000 - Test batch complete: accr = 0.3242694805194805
INFO:tensorflow:Step: 1060000 - Test batch complete: accr = 0.6488433441558441
INFO:tensorflow:Step: 1070000 - Test batch complete: accr = 0.549614448051948
INFO:tensorflow:Step: 1080000 - Test batch complete: accr = 0.7051542207792207
INFO:tensorflow:Step: 1090000 - Test batch complete: accr = 0.5878652597402597
INFO:tensorflow:Step: 1100000 - Test batch complete: accr = 0.2496956168831169
INFO:tensorflow:Step: 1110000 - Test batch complete: accr = 0.711140422077922
INFO:tensorflow:Step: 1120000 - Test batch complete: accr = 0.6260146103896104
INFO:tensorflow:Step: 1130000 - Test batch complete: accr = 0.6137378246753247
INFO:tensorflow:Step: 1140000 - Test batch complete: accr = 0.4173092532467532
INFO:tensorflow:Step: 1150000 - Test batch complete: accr = 0.3067167207792208
INFO:tensorflow:Step: 1160000 - Test batch complete: accr = 0.606939935064935
INFO:tensorflow:Step: 1170000 - Test batch complete: accr = 0.17755681818181818
INFO:tensorflow:Step: 1180000 - Test batch complete: accr = 0.5621956168831169
INFO:tensorflow:Step: 1190000 - Test batch complete: accr = 0.562398538961039
INFO:tensorflow:Step: 1200000 - Test batch complete: accr = 0.7034293831168831
INFO:tensorflow:Step: 1210000 - Test batch complete: accr = 0.6886160714285714
INFO:tensorflow:Step: 1220000 - Test batch complete: accr = 0.5793425324675324
INFO:tensorflow:Step: 1230000 - Test batch complete: accr = 0.661323051948052
INFO:tensorflow:Step: 1240000 - Test batch complete: accr = 0.705560064935065
INFO:tensorflow:Step: 1250000 - Test batch complete: accr = 0.7086038961038961
INFO:tensorflow:Step: 1260000 - Test batch complete: accr = 0.708400974025974
INFO:tensorflow:Step: 1270000 - Test batch complete: accr = 0.7104301948051948
INFO:tensorflow:Step: 1280000 - Test batch complete: accr = 0.7040381493506493
INFO:tensorflow:Step: 1290000 - Test batch complete: accr = 0.7054586038961039
INFO:tensorflow:Step: 1300000 - Test batch complete: accr = 0.7097199675324676
INFO:tensorflow:Step: 1310000 - Test batch complete: accr = 0.6998782467532467
INFO:tensorflow:Step: 1320000 - Test batch complete: accr = 0.6999797077922078
INFO:tensorflow:Step: 1330000 - Test batch complete: accr = 0.7094155844155844
INFO:tensorflow:Step: 1340000 - Test batch complete: accr = 0.7074878246753247
INFO:tensorflow:Step: 1350000 - Test batch complete: accr = 0.7054586038961039
INFO:tensorflow:Step: 1360000 - Test batch complete: accr = 0.7040381493506493
INFO:tensorflow:Step: 1370000 - Test batch complete: accr = 0.7125608766233766
INFO:tensorflow:Step: 1380000 - Test batch complete: accr = 0.7132711038961039
INFO:tensorflow:Step: 1390000 - Test batch complete: accr = 0.7067775974025974
INFO:tensorflow:Step: 1400000 - Test batch complete: accr = 0.7079951298701299
INFO:tensorflow:Step: 1410000 - Test batch complete: accr = 0.7049512987012987
INFO:tensorflow:Step: 1420000 - Test batch complete: accr = 0.7034293831168831
INFO:tensorflow:Step: 1430000 - Test batch complete: accr = 0.7060673701298701
INFO:tensorflow:Step: 1440000 - Test batch complete: accr = 0.6985592532467533
INFO:tensorflow:Step: 1450000 - Test batch complete: accr = 0.7025162337662337
INFO:tensorflow:Step: 1460000 - Test batch complete: accr = 0.7035308441558441
INFO:tensorflow:Step: 1470000 - Test batch complete: accr = 0.7063717532467533
INFO:tensorflow:Step: 1480000 - Test batch complete: accr = 0.7054586038961039
INFO:tensorflow:Step: 1490000 - Test batch complete: accr = 0.7012987012987013
INFO:tensorflow:Step: 1500000 - Test batch complete: accr = 0.7106331168831169
INFO:tensorflow:Step: 1510000 - Test batch complete: accr = 0.7016030844155844
INFO:tensorflow:Step: 1520000 - Test batch complete: accr = 0.7069805194805194
INFO:tensorflow:Step: 1530000 - Test batch complete: accr = 0.710734577922078
INFO:tensorflow:Step: 1540000 - Test batch complete: accr = 0.7035308441558441
INFO:tensorflow:Step: 1550000 - Test batch complete: accr = 0.7036323051948052
INFO:tensorflow:Step: 1560000 - Test batch complete: accr = 0.7076907467532467
INFO:tensorflow:Step: 1570000 - Test batch complete: accr = 0.7036323051948052
INFO:tensorflow:Step: 1580000 - Test batch complete: accr = 0.7105316558441559
INFO:tensorflow:Step: 1590000 - Test batch complete: accr = 0.7106331168831169
INFO:tensorflow:Step: 1600000 - Test batch complete: accr = 0.7018060064935064
INFO:tensorflow:Step: 1610000 - Test batch complete: accr = 0.7051542207792207
INFO:tensorflow:Step: 1620000 - Test batch complete: accr = 0.710734577922078
INFO:tensorflow:Step: 1630000 - Test batch complete: accr = 0.7027191558441559
INFO:tensorflow:Step: 1640000 - Test batch complete: accr = 0.7113433441558441
INFO:tensorflow:Step: 1650000 - Test batch complete: accr = 0.7088068181818182
INFO:tensorflow:Step: 1660000 - Test batch complete: accr = 0.7077922077922078
INFO:tensorflow:Step: 1670000 - Test batch complete: accr = 0.7087053571428571
INFO:tensorflow:Step: 1680000 - Test batch complete: accr = 0.7092126623376623
INFO:tensorflow:Step: 1690000 - Test batch complete: accr = 0.7080965909090909
INFO:tensorflow:Step: 1700000 - Test batch complete: accr = 0.7096185064935064
INFO:tensorflow:Step: 1710000 - Test batch complete: accr = 0.6993709415584416
INFO:tensorflow:Step: 1720000 - Test batch complete: accr = 0.7015016233766234
INFO:tensorflow:Step: 1730000 - Test batch complete: accr = 0.7102272727272727
INFO:tensorflow:Step: 1740000 - Test batch complete: accr = 0.7044439935064936
INFO:tensorflow:Step: 1750000 - Test batch complete: accr = 0.7078936688311688
INFO:tensorflow:Step: 1760000 - Test batch complete: accr = 0.7095170454545454
INFO:tensorflow:Step: 1770000 - Test batch complete: accr = 0.7088068181818182
INFO:tensorflow:Step: 1780000 - Test batch complete: accr = 0.7156047077922078
INFO:tensorflow:Step: 1790000 - Test batch complete: accr = 0.7124594155844156
INFO:tensorflow:Step: 1800000 - Test batch complete: accr = 0.7065746753246753
INFO:tensorflow:Step: 1810000 - Test batch complete: accr = 0.7119521103896104
INFO:tensorflow:Step: 1820000 - Test batch complete: accr = 0.7014001623376623
INFO:tensorflow:Step: 1830000 - Test batch complete: accr = 0.7061688311688312
INFO:tensorflow:Step: 1840000 - Test batch complete: accr = 0.7024147727272727
INFO:tensorflow:Step: 1850000 - Test batch complete: accr = 0.7014001623376623
INFO:tensorflow:Step: 1860000 - Test batch complete: accr = 0.7027191558441559
INFO:tensorflow:Step: 1870000 - Test batch complete: accr = 0.7039366883116883
INFO:tensorflow:Step: 1880000 - Test batch complete: accr = 0.7074878246753247
INFO:tensorflow:Step: 1890000 - Test batch complete: accr = 0.7060673701298701
INFO:tensorflow:Step: 1900000 - Test batch complete: accr = 0.7060673701298701
INFO:tensorflow:Step: 1910000 - Test batch complete: accr = 0.7148944805194806
INFO:tensorflow:Step: 1920000 - Test batch complete: accr = 0.7103287337662337
INFO:tensorflow:Step: 1930000 - Test batch complete: accr = 0.7087053571428571
INFO:tensorflow:Step: 1940000 - Test batch complete: accr = 0.710836038961039
INFO:tensorflow:Step: 1950000 - Test batch complete: accr = 0.7043425324675324
INFO:tensorflow:Step: 1960000 - Test batch complete: accr = 0.7106331168831169
INFO:tensorflow:Step: 1970000 - Test batch complete: accr = 0.7079951298701299
INFO:tensorflow:Step: 1980000 - Test batch complete: accr = 0.7050527597402597
INFO:tensorflow:Step: 1990000 - Test batch complete: accr = 0.708502435064935
INFO:tensorflow:Step: 2000000 - Test batch complete: accr = 0.7131696428571429
INFO:tensorflow:Step: 2010000 - Test batch complete: accr = 0.6995738636363636
INFO:tensorflow:Step: 2020000 - Test batch complete: accr = 0.7025162337662337
INFO:tensorflow:Step: 2030000 - Test batch complete: accr = 0.7027191558441559
INFO:tensorflow:Step: 2040000 - Test batch complete: accr = 0.7067775974025974
INFO:tensorflow:Step: 2050000 - Test batch complete: accr = 0.7079951298701299
INFO:tensorflow:Step: 2060000 - Test batch complete: accr = 0.6991680194805194
INFO:tensorflow:Step: 2070000 - Test batch complete: accr = 0.7067775974025974
INFO:tensorflow:Step: 2080000 - Test batch complete: accr = 0.7046469155844156
INFO:tensorflow:Step: 2090000 - Test batch complete: accr = 0.7054586038961039
INFO:tensorflow:Step: 2100000 - Test batch complete: accr = 0.7091112012987013
INFO:tensorflow:Step: 2110000 - Test batch complete: accr = 0.700689935064935
INFO:tensorflow:Step: 2120000 - Test batch complete: accr = 0.7038352272727273
INFO:tensorflow:Step: 2130000 - Test batch complete: accr = 0.7075892857142857
INFO:tensorflow:Step: 2140000 - Test batch complete: accr = 0.7010957792207793
INFO:tensorflow:Step: 2150000 - Test batch complete: accr = 0.708299512987013
INFO:tensorflow:Step: 2160000 - Test batch complete: accr = 0.7109375
INFO:tensorflow:Step: 2170000 - Test batch complete: accr = 0.7042410714285714
INFO:tensorflow:Step: 2180000 - Test batch complete: accr = 0.7019074675324676
INFO:tensorflow:Step: 2190000 - Test batch complete: accr = 0.7096185064935064
INFO:tensorflow:Step: 2200000 - Test batch complete: accr = 0.7097199675324676
INFO:tensorflow:Step: 2210000 - Test batch complete: accr = 0.7046469155844156
INFO:tensorflow:Step: 2220000 - Test batch complete: accr = 0.7049512987012987
INFO:tensorflow:Step: 2230000 - Test batch complete: accr = 0.7106331168831169
INFO:tensorflow:Step: 2240000 - Test batch complete: accr = 0.6989650974025974
INFO:tensorflow:Step: 2250000 - Test batch complete: accr = 0.7130681818181818
INFO:tensorflow:Step: 2260000 - Test batch complete: accr = 0.708299512987013
INFO:tensorflow:Step: 2270000 - Test batch complete: accr = 0.711038961038961
INFO:tensorflow:Step: 2280000 - Test batch complete: accr = 0.7096185064935064
INFO:tensorflow:Step: 2290000 - Test batch complete: accr = 0.705864448051948
INFO:tensorflow:Step: 2300000 - Test batch complete: accr = 0.7103287337662337
INFO:tensorflow:Epoch: accr = 0.7109375
INFO:tensorflow:Saving model ... 



****************************************
Epochs: 1, each: 2302560 steps
Steps: 2302560
teacher_name: 	None
teacher_dset: 	False
dataset: 	/opt/datasets/deepsig/modulation_classification_resnet_train.rcrd
val_dataset: 	/opt/datasets/deepsig/modulation_classification_test_snr_30.rcrd
steps: 	2302560
epochs: 	1
test: 	False
no_mean: 	False
test_output: 	None
test_batches: 	154
batch_size: 	64
learning_rate: 	0.01
model: 	resnet_twn
norespath: 	False
twn_incr_act: 	None
nu_conv: 	1.2
nu_dense: 	0.7
no_filt_vgg: 	None
no_filts: 	None
gpus: 	0
channel: 	16
directory: ../models/resnet_twn_ch16
****************************************
nu: [1.2, 1.2, 1.2, 1.2, 1.2, 1.2, 0.7, 0.7, 0.7], 
act_prec: [16, 16, 16, 16, 16, 16, 16, 16, 16], 
kernel: [3, 3, 3, 3, 3, 3, 3, 3, 3]
True
INFO:tensorflow:Starting train loop at step 0
2019-12-24 03:31:53.778779: I tensorflow/stream_executor/platform/default/dso_loader.cc:42] Successfully opened dynamic library libcublas.so.10.0
2019-12-24 03:31:55.276163: I tensorflow/stream_executor/platform/default/dso_loader.cc:42] Successfully opened dynamic library libcudnn.so.7
INFO:tensorflow:Step: 10000 - Test batch complete: accr = 0.5671672077922078
INFO:tensorflow:Step: 20000 - Test batch complete: accr = 0.6012581168831169
INFO:tensorflow:Step: 30000 - Test batch complete: accr = 0.583502435064935
INFO:tensorflow:Step: 40000 - Test batch complete: accr = 0.6254058441558441
INFO:tensorflow:Step: 50000 - Test batch complete: accr = 0.6383928571428571
INFO:tensorflow:Step: 60000 - Test batch complete: accr = 0.567573051948052
INFO:tensorflow:Step: 70000 - Test batch complete: accr = 0.6948051948051948
INFO:tensorflow:Step: 80000 - Test batch complete: accr = 0.6496550324675324
INFO:tensorflow:Step: 90000 - Test batch complete: accr = 0.703023538961039
INFO:tensorflow:Step: 100000 - Test batch complete: accr = 0.6115056818181818
INFO:tensorflow:Step: 110000 - Test batch complete: accr = 0.6932832792207793
INFO:tensorflow:Step: 120000 - Test batch complete: accr = 0.6742086038961039
INFO:tensorflow:Step: 130000 - Test batch complete: accr = 0.6741071428571429
INFO:tensorflow:Step: 140000 - Test batch complete: accr = 0.7148944805194806
INFO:tensorflow:Step: 150000 - Test batch complete: accr = 0.645799512987013
INFO:tensorflow:Step: 160000 - Test batch complete: accr = 0.6174918831168831
INFO:tensorflow:Step: 170000 - Test batch complete: accr = 0.669439935064935
INFO:tensorflow:Step: 180000 - Test batch complete: accr = 0.5942573051948052
INFO:tensorflow:Step: 190000 - Test batch complete: accr = 0.682122564935065
INFO:tensorflow:Step: 200000 - Test batch complete: accr = 0.674310064935065
INFO:tensorflow:Step: 210000 - Test batch complete: accr = 0.6525974025974026
INFO:tensorflow:Step: 220000 - Test batch complete: accr = 0.6964285714285714
INFO:tensorflow:Step: 230000 - Test batch complete: accr = 0.6903409090909091
INFO:tensorflow:Step: 240000 - Test batch complete: accr = 0.7145900974025974
INFO:tensorflow:Step: 250000 - Test batch complete: accr = 0.7351866883116883
INFO:tensorflow:Step: 260000 - Test batch complete: accr = 0.6759334415584416
INFO:tensorflow:Step: 270000 - Test batch complete: accr = 0.5851258116883117
INFO:tensorflow:Step: 280000 - Test batch complete: accr = 0.7822646103896104
INFO:tensorflow:Step: 290000 - Test batch complete: accr = 0.674614448051948
INFO:tensorflow:Step: 300000 - Test batch complete: accr = 0.747260551948052
INFO:tensorflow:Step: 310000 - Test batch complete: accr = 0.6779626623376623
INFO:tensorflow:Step: 320000 - Test batch complete: accr = 0.6349431818181818
INFO:tensorflow:Step: 330000 - Test batch complete: accr = 0.7476663961038961
INFO:tensorflow:Step: 340000 - Test batch complete: accr = 0.6049107142857143
INFO:tensorflow:Step: 350000 - Test batch complete: accr = 0.7244318181818182
INFO:tensorflow:Step: 360000 - Test batch complete: accr = 0.6993709415584416
INFO:tensorflow:Step: 370000 - Test batch complete: accr = 0.7049512987012987
INFO:tensorflow:Step: 380000 - Test batch complete: accr = 0.7200689935064936
INFO:tensorflow:Step: 390000 - Test batch complete: accr = 0.6697443181818182
INFO:tensorflow:Step: 400000 - Test batch complete: accr = 0.6883116883116883
INFO:tensorflow:Step: 410000 - Test batch complete: accr = 0.6681209415584416
INFO:tensorflow:Step: 420000 - Test batch complete: accr = 0.7380275974025974
INFO:tensorflow:Step: 430000 - Test batch complete: accr = 0.6922686688311688
INFO:tensorflow:Step: 440000 - Test batch complete: accr = 0.6800933441558441
INFO:tensorflow:Step: 450000 - Test batch complete: accr = 0.536627435064935
INFO:tensorflow:Step: 460000 - Test batch complete: accr = 0.5711241883116883
INFO:tensorflow:Step: 470000 - Test batch complete: accr = 0.6844561688311688
INFO:tensorflow:Step: 480000 - Test batch complete: accr = 0.7596387987012987
INFO:tensorflow:Step: 490000 - Test batch complete: accr = 0.7169237012987013
INFO:tensorflow:Step: 500000 - Test batch complete: accr = 0.7151988636363636
INFO:tensorflow:Step: 510000 - Test batch complete: accr = 0.6738027597402597
INFO:tensorflow:Step: 520000 - Test batch complete: accr = 0.6991680194805194
INFO:tensorflow:Step: 530000 - Test batch complete: accr = 0.6583806818181818
INFO:tensorflow:Step: 540000 - Test batch complete: accr = 0.734172077922078
INFO:tensorflow:Step: 550000 - Test batch complete: accr = 0.6620332792207793
INFO:tensorflow:Step: 560000 - Test batch complete: accr = 0.6257102272727273
INFO:tensorflow:Step: 570000 - Test batch complete: accr = 0.684760551948052
INFO:tensorflow:Step: 580000 - Test batch complete: accr = 0.5527597402597403
INFO:tensorflow:Step: 590000 - Test batch complete: accr = 0.7304180194805194
INFO:tensorflow:Step: 600000 - Test batch complete: accr = 0.6390016233766234
INFO:tensorflow:Step: 610000 - Test batch complete: accr = 0.6921672077922078
INFO:tensorflow:Step: 620000 - Test batch complete: accr = 0.744724025974026
INFO:tensorflow:Step: 630000 - Test batch complete: accr = 0.7488839285714286
INFO:tensorflow:Step: 640000 - Test batch complete: accr = 0.7253449675324676
INFO:tensorflow:Step: 650000 - Test batch complete: accr = 0.552150974025974
INFO:tensorflow:Step: 660000 - Test batch complete: accr = 0.6653814935064936
INFO:tensorflow:Step: 670000 - Test batch complete: accr = 0.765625
INFO:tensorflow:Step: 680000 - Test batch complete: accr = 0.734476461038961
INFO:tensorflow:Step: 690000 - Test batch complete: accr = 0.6780641233766234
INFO:tensorflow:Step: 700000 - Test batch complete: accr = 0.6605113636363636
INFO:tensorflow:Step: 710000 - Test batch complete: accr = 0.7329545454545454
INFO:tensorflow:Step: 720000 - Test batch complete: accr = 0.711038961038961
INFO:tensorflow:Step: 730000 - Test batch complete: accr = 0.7616680194805194
INFO:tensorflow:Step: 740000 - Test batch complete: accr = 0.7324472402597403
INFO:tensorflow:Step: 750000 - Test batch complete: accr = 0.6661931818181818
INFO:tensorflow:Step: 760000 - Test batch complete: accr = 0.7819602272727273
INFO:tensorflow:Step: 770000 - Test batch complete: accr = 0.7170251623376623
INFO:tensorflow:Step: 780000 - Test batch complete: accr = 0.7337662337662337
INFO:tensorflow:Step: 790000 - Test batch complete: accr = 0.5284090909090909
INFO:tensorflow:Step: 800000 - Test batch complete: accr = 0.8031655844155844
INFO:tensorflow:Step: 810000 - Test batch complete: accr = 0.7935267857142857
INFO:tensorflow:Step: 820000 - Test batch complete: accr = 0.8056006493506493
INFO:tensorflow:Step: 830000 - Test batch complete: accr = 0.7965706168831169
INFO:tensorflow:Step: 840000 - Test batch complete: accr = 0.7876420454545454
INFO:tensorflow:Step: 850000 - Test batch complete: accr = 0.760247564935065
INFO:tensorflow:Step: 860000 - Test batch complete: accr = 0.7686688311688312
INFO:tensorflow:Step: 870000 - Test batch complete: accr = 0.7857142857142857
INFO:tensorflow:Step: 880000 - Test batch complete: accr = 0.7739448051948052
INFO:tensorflow:Step: 890000 - Test batch complete: accr = 0.7862215909090909
INFO:tensorflow:Step: 900000 - Test batch complete: accr = 0.773234577922078
INFO:tensorflow:Step: 910000 - Test batch complete: accr = 0.7754667207792207
INFO:tensorflow:Step: 920000 - Test batch complete: accr = 0.7747564935064936
INFO:tensorflow:Step: 930000 - Test batch complete: accr = 0.773538961038961
INFO:tensorflow:Step: 940000 - Test batch complete: accr = 0.7805397727272727
INFO:tensorflow:Step: 950000 - Test batch complete: accr = 0.7750608766233766
INFO:tensorflow:Step: 960000 - Test batch complete: accr = 0.771002435064935
INFO:tensorflow:Step: 970000 - Test batch complete: accr = 0.770900974025974
INFO:tensorflow:Step: 980000 - Test batch complete: accr = 0.7738433441558441
INFO:tensorflow:Step: 990000 - Test batch complete: accr = 0.7743506493506493
INFO:tensorflow:Step: 1000000 - Test batch complete: accr = 0.7717126623376623
INFO:tensorflow:Step: 1010000 - Test batch complete: accr = 0.7734375
INFO:tensorflow:Step: 1020000 - Test batch complete: accr = 0.7669439935064936
INFO:tensorflow:Step: 1030000 - Test batch complete: accr = 0.773640422077922
INFO:tensorflow:Step: 1040000 - Test batch complete: accr = 0.7675527597402597
INFO:tensorflow:Step: 1050000 - Test batch complete: accr = 0.776176948051948
INFO:tensorflow:Step: 1060000 - Test batch complete: accr = 0.7745535714285714
INFO:tensorflow:Step: 1070000 - Test batch complete: accr = 0.7778003246753247
INFO:tensorflow:Step: 1080000 - Test batch complete: accr = 0.778713474025974
INFO:tensorflow:Step: 1090000 - Test batch complete: accr = 0.7773944805194806
INFO:tensorflow:Step: 1100000 - Test batch complete: accr = 0.7717126623376623
INFO:tensorflow:Step: 1110000 - Test batch complete: accr = 0.7741477272727273
INFO:tensorflow:Step: 1120000 - Test batch complete: accr = 0.773336038961039
INFO:tensorflow:Step: 1130000 - Test batch complete: accr = 0.7751623376623377
INFO:tensorflow:Step: 1140000 - Test batch complete: accr = 0.7718141233766234
INFO:tensorflow:Step: 1150000 - Test batch complete: accr = 0.7746550324675324
INFO:tensorflow:Step: 1160000 - Test batch complete: accr = 0.781148538961039
INFO:tensorflow:Step: 1170000 - Test batch complete: accr = 0.7699878246753247
INFO:tensorflow:Step: 1180000 - Test batch complete: accr = 0.776176948051948
INFO:tensorflow:Step: 1190000 - Test batch complete: accr = 0.7790178571428571
INFO:tensorflow:Step: 1200000 - Test batch complete: accr = 0.778713474025974
INFO:tensorflow:Step: 1210000 - Test batch complete: accr = 0.7804383116883117
INFO:tensorflow:Step: 1220000 - Test batch complete: accr = 0.7774959415584416
INFO:tensorflow:Step: 1230000 - Test batch complete: accr = 0.7767857142857143
INFO:tensorflow:Step: 1240000 - Test batch complete: accr = 0.770698051948052
INFO:tensorflow:Step: 1250000 - Test batch complete: accr = 0.7757711038961039
INFO:tensorflow:Step: 1260000 - Test batch complete: accr = 0.7775974025974026
INFO:tensorflow:Step: 1270000 - Test batch complete: accr = 0.7775974025974026
INFO:tensorflow:Step: 1280000 - Test batch complete: accr = 0.7794237012987013
INFO:tensorflow:Step: 1290000 - Test batch complete: accr = 0.7744521103896104
INFO:tensorflow:Step: 1300000 - Test batch complete: accr = 0.7749594155844156
INFO:tensorflow:Step: 1310000 - Test batch complete: accr = 0.7739448051948052
INFO:tensorflow:Step: 1320000 - Test batch complete: accr = 0.7691761363636364
INFO:tensorflow:Step: 1330000 - Test batch complete: accr = 0.7728287337662337
INFO:tensorflow:Step: 1340000 - Test batch complete: accr = 0.7754667207792207
INFO:tensorflow:Step: 1350000 - Test batch complete: accr = 0.7716112012987013
INFO:tensorflow:Step: 1360000 - Test batch complete: accr = 0.7717126623376623
INFO:tensorflow:Step: 1370000 - Test batch complete: accr = 0.775872564935065
INFO:tensorflow:Step: 1380000 - Test batch complete: accr = 0.7748579545454546
INFO:tensorflow:Step: 1390000 - Test batch complete: accr = 0.775872564935065
INFO:tensorflow:Step: 1400000 - Test batch complete: accr = 0.775872564935065
INFO:tensorflow:Step: 1410000 - Test batch complete: accr = 0.7815543831168831
INFO:tensorflow:Step: 1420000 - Test batch complete: accr = 0.7773944805194806
INFO:tensorflow:Step: 1430000 - Test batch complete: accr = 0.7805397727272727
INFO:tensorflow:Step: 1440000 - Test batch complete: accr = 0.7800324675324676
INFO:tensorflow:Step: 1450000 - Test batch complete: accr = 0.7766842532467533
INFO:tensorflow:Step: 1460000 - Test batch complete: accr = 0.7767857142857143
INFO:tensorflow:Step: 1470000 - Test batch complete: accr = 0.778713474025974
INFO:tensorflow:Step: 1480000 - Test batch complete: accr = 0.7740462662337663
INFO:tensorflow:Step: 1490000 - Test batch complete: accr = 0.7746550324675324
INFO:tensorflow:Step: 1500000 - Test batch complete: accr = 0.7724228896103896
INFO:tensorflow:Step: 1510000 - Test batch complete: accr = 0.7762784090909091
INFO:tensorflow:Step: 1520000 - Test batch complete: accr = 0.7674512987012987
INFO:tensorflow:Step: 1530000 - Test batch complete: accr = 0.7779017857142857
INFO:tensorflow:Step: 1540000 - Test batch complete: accr = 0.7808441558441559
INFO:tensorflow:Step: 1550000 - Test batch complete: accr = 0.773640422077922
INFO:tensorflow:Step: 1560000 - Test batch complete: accr = 0.7703936688311688
INFO:tensorflow:Step: 1570000 - Test batch complete: accr = 0.778814935064935
INFO:tensorflow:Step: 1580000 - Test batch complete: accr = 0.7798295454545454
INFO:tensorflow:Step: 1590000 - Test batch complete: accr = 0.7778003246753247
INFO:tensorflow:Step: 1600000 - Test batch complete: accr = 0.7667410714285714
INFO:tensorflow:Step: 1610000 - Test batch complete: accr = 0.7770900974025974
INFO:tensorflow:Step: 1620000 - Test batch complete: accr = 0.7717126623376623
INFO:tensorflow:Step: 1630000 - Test batch complete: accr = 0.7705965909090909
INFO:tensorflow:Step: 1640000 - Test batch complete: accr = 0.778814935064935
INFO:tensorflow:Step: 1650000 - Test batch complete: accr = 0.7734375
INFO:tensorflow:Step: 1660000 - Test batch complete: accr = 0.7749594155844156
INFO:tensorflow:Step: 1670000 - Test batch complete: accr = 0.7727272727272727
INFO:tensorflow:Step: 1680000 - Test batch complete: accr = 0.7729301948051948
INFO:tensorflow:Step: 1690000 - Test batch complete: accr = 0.776176948051948
INFO:tensorflow:Step: 1700000 - Test batch complete: accr = 0.7746550324675324
INFO:tensorflow:Step: 1710000 - Test batch complete: accr = 0.7742491883116883
INFO:tensorflow:Step: 1720000 - Test batch complete: accr = 0.7729301948051948
INFO:tensorflow:Step: 1730000 - Test batch complete: accr = 0.7726258116883117
INFO:tensorflow:Step: 1740000 - Test batch complete: accr = 0.7743506493506493
INFO:tensorflow:Step: 1750000 - Test batch complete: accr = 0.7749594155844156
INFO:tensorflow:Step: 1760000 - Test batch complete: accr = 0.775974025974026
INFO:tensorflow:Step: 1770000 - Test batch complete: accr = 0.7744521103896104
INFO:tensorflow:Step: 1780000 - Test batch complete: accr = 0.7672483766233766
INFO:tensorflow:Step: 1790000 - Test batch complete: accr = 0.7778003246753247
INFO:tensorflow:Step: 1800000 - Test batch complete: accr = 0.770698051948052
INFO:tensorflow:Step: 1810000 - Test batch complete: accr = 0.7789163961038961
INFO:tensorflow:Step: 1820000 - Test batch complete: accr = 0.7689732142857143
INFO:tensorflow:Step: 1830000 - Test batch complete: accr = 0.7793222402597403
INFO:tensorflow:Step: 1840000 - Test batch complete: accr = 0.781148538961039
INFO:tensorflow:Step: 1850000 - Test batch complete: accr = 0.775872564935065
INFO:tensorflow:Step: 1860000 - Test batch complete: accr = 0.7731331168831169
INFO:tensorflow:Step: 1870000 - Test batch complete: accr = 0.7808441558441559
INFO:tensorflow:Step: 1880000 - Test batch complete: accr = 0.7722199675324676
INFO:tensorflow:Step: 1890000 - Test batch complete: accr = 0.7721185064935064
INFO:tensorflow:Step: 1900000 - Test batch complete: accr = 0.7823660714285714
INFO:tensorflow:Step: 1910000 - Test batch complete: accr = 0.7778003246753247
INFO:tensorflow:Step: 1920000 - Test batch complete: accr = 0.7701907467532467
INFO:tensorflow:Step: 1930000 - Test batch complete: accr = 0.7748579545454546
INFO:tensorflow:Step: 1940000 - Test batch complete: accr = 0.7791193181818182
INFO:tensorflow:Step: 1950000 - Test batch complete: accr = 0.7747564935064936
INFO:tensorflow:Step: 1960000 - Test batch complete: accr = 0.7829748376623377
INFO:tensorflow:Step: 1970000 - Test batch complete: accr = 0.7725243506493507
INFO:tensorflow:Step: 1980000 - Test batch complete: accr = 0.7762784090909091
INFO:tensorflow:Step: 1990000 - Test batch complete: accr = 0.7766842532467533
INFO:tensorflow:Step: 2000000 - Test batch complete: accr = 0.7734375
INFO:tensorflow:Step: 2010000 - Test batch complete: accr = 0.7789163961038961
INFO:tensorflow:Step: 2020000 - Test batch complete: accr = 0.7725243506493507
INFO:tensorflow:Step: 2030000 - Test batch complete: accr = 0.7801339285714286
INFO:tensorflow:Step: 2040000 - Test batch complete: accr = 0.7773944805194806
INFO:tensorflow:Step: 2050000 - Test batch complete: accr = 0.7754667207792207
INFO:tensorflow:Step: 2060000 - Test batch complete: accr = 0.7695819805194806
INFO:tensorflow:Step: 2070000 - Test batch complete: accr = 0.7749594155844156
INFO:tensorflow:Step: 2080000 - Test batch complete: accr = 0.7791193181818182
INFO:tensorflow:Step: 2090000 - Test batch complete: accr = 0.7713068181818182
INFO:tensorflow:Step: 2100000 - Test batch complete: accr = 0.7729301948051948
INFO:tensorflow:Step: 2110000 - Test batch complete: accr = 0.7782061688311688
INFO:tensorflow:Step: 2120000 - Test batch complete: accr = 0.775872564935065
INFO:tensorflow:Step: 2130000 - Test batch complete: accr = 0.7778003246753247
INFO:tensorflow:Step: 2140000 - Test batch complete: accr = 0.770799512987013
INFO:tensorflow:Step: 2150000 - Test batch complete: accr = 0.7750608766233766
INFO:tensorflow:Step: 2160000 - Test batch complete: accr = 0.7819602272727273
INFO:tensorflow:Step: 2170000 - Test batch complete: accr = 0.776075487012987
INFO:tensorflow:Step: 2180000 - Test batch complete: accr = 0.7765827922077922
INFO:tensorflow:Step: 2190000 - Test batch complete: accr = 0.776176948051948
INFO:tensorflow:Step: 2200000 - Test batch complete: accr = 0.7793222402597403
INFO:tensorflow:Step: 2210000 - Test batch complete: accr = 0.7827719155844156
INFO:tensorflow:Step: 2220000 - Test batch complete: accr = 0.7717126623376623
INFO:tensorflow:Step: 2230000 - Test batch complete: accr = 0.7724228896103896
INFO:tensorflow:Step: 2240000 - Test batch complete: accr = 0.7756696428571429
INFO:tensorflow:Step: 2250000 - Test batch complete: accr = 0.7690746753246753
INFO:tensorflow:Step: 2260000 - Test batch complete: accr = 0.7823660714285714
INFO:tensorflow:Step: 2270000 - Test batch complete: accr = 0.7700892857142857
INFO:tensorflow:Step: 2280000 - Test batch complete: accr = 0.7722199675324676
INFO:tensorflow:Step: 2290000 - Test batch complete: accr = 0.776176948051948
INFO:tensorflow:Step: 2300000 - Test batch complete: accr = 0.7768871753246753
INFO:tensorflow:Epoch: accr = 0.778510551948052
INFO:tensorflow:Saving model ... 






****************************************
Epochs: 1, each: 2302560 steps
Steps: 2302560
teacher_name: 	None
teacher_dset: 	False
dataset: 	/opt/datasets/deepsig/modulation_classification_resnet_train.rcrd
val_dataset: 	/opt/datasets/deepsig/modulation_classification_test_snr_30.rcrd
steps: 	2302560
epochs: 	1
test: 	False
no_mean: 	False
test_output: 	None
test_batches: 	154
batch_size: 	64
learning_rate: 	0.01
model: 	resnet_twn
norespath: 	True
twn_incr_act: 	None
nu_conv: 	1.2
nu_dense: 	0.7
no_filt_vgg: 	None
no_filts: 	None
gpus: 	0
channel: 	32
directory: ../models/resnet_twn_ch32_norespath
****************************************
nu: [1.2, 1.2, 1.2, 1.2, 1.2, 1.2, 0.7, 0.7, 0.7], 
act_prec: [16, 16, 16, 16, 16, 16, 16, 16, 16], 
kernel: [3, 3, 3, 3, 3, 3, 3, 3, 3]
False
INFO:tensorflow:Starting train loop at step 0
2019-12-24 10:44:52.107721: I tensorflow/stream_executor/platform/default/dso_loader.cc:42] Successfully opened dynamic library libcublas.so.10.0
2019-12-24 10:44:53.547641: I tensorflow/stream_executor/platform/default/dso_loader.cc:42] Successfully opened dynamic library libcudnn.so.7
INFO:tensorflow:Step: 10000 - Test batch complete: accr = 0.5189732142857143
INFO:tensorflow:Step: 20000 - Test batch complete: accr = 0.520799512987013
INFO:tensorflow:Step: 30000 - Test batch complete: accr = 0.6799918831168831
INFO:tensorflow:Step: 40000 - Test batch complete: accr = 0.5304383116883117
INFO:tensorflow:Step: 50000 - Test batch complete: accr = 0.6681209415584416
INFO:tensorflow:Step: 60000 - Test batch complete: accr = 0.664163961038961
INFO:tensorflow:Step: 70000 - Test batch complete: accr = 0.7123579545454546
INFO:tensorflow:Step: 80000 - Test batch complete: accr = 0.7251420454545454
INFO:tensorflow:Step: 90000 - Test batch complete: accr = 0.7404626623376623
INFO:tensorflow:Step: 100000 - Test batch complete: accr = 0.7671469155844156
INFO:tensorflow:Step: 110000 - Test batch complete: accr = 0.7909902597402597
INFO:tensorflow:Step: 120000 - Test batch complete: accr = 0.7925121753246753
INFO:tensorflow:Step: 130000 - Test batch complete: accr = 0.7665381493506493
INFO:tensorflow:Step: 140000 - Test batch complete: accr = 0.7902800324675324
INFO:tensorflow:Step: 150000 - Test batch complete: accr = 0.7687702922077922
INFO:tensorflow:Step: 160000 - Test batch complete: accr = 0.8342126623376623
INFO:tensorflow:Step: 170000 - Test batch complete: accr = 0.812702922077922
INFO:tensorflow:Step: 180000 - Test batch complete: accr = 0.820515422077922
INFO:tensorflow:Step: 190000 - Test batch complete: accr = 0.7873376623376623
INFO:tensorflow:Step: 200000 - Test batch complete: accr = 0.7860186688311688
INFO:tensorflow:Step: 210000 - Test batch complete: accr = 0.8067167207792207
INFO:tensorflow:Step: 220000 - Test batch complete: accr = 0.8114853896103896
INFO:tensorflow:Step: 230000 - Test batch complete: accr = 0.7947443181818182
INFO:tensorflow:Step: 240000 - Test batch complete: accr = 0.8198051948051948
INFO:tensorflow:Step: 250000 - Test batch complete: accr = 0.8224431818181818
INFO:tensorflow:Step: 260000 - Test batch complete: accr = 0.8112824675324676
INFO:tensorflow:Step: 270000 - Test batch complete: accr = 0.8395900974025974
INFO:tensorflow:Step: 280000 - Test batch complete: accr = 0.8310673701298701
INFO:tensorflow:Step: 290000 - Test batch complete: accr = 0.8497362012987013
INFO:tensorflow:Step: 300000 - Test batch complete: accr = 0.8179788961038961
INFO:tensorflow:Step: 310000 - Test batch complete: accr = 0.8238636363636364
INFO:tensorflow:Step: 320000 - Test batch complete: accr = 0.8252840909090909
INFO:tensorflow:Step: 330000 - Test batch complete: accr = 0.836038961038961
INFO:tensorflow:Step: 340000 - Test batch complete: accr = 0.8199066558441559
INFO:tensorflow:Step: 350000 - Test batch complete: accr = 0.8153409090909091
INFO:tensorflow:Step: 360000 - Test batch complete: accr = 0.8142248376623377
INFO:tensorflow:Step: 370000 - Test batch complete: accr = 0.8392857142857143
INFO:tensorflow:Step: 380000 - Test batch complete: accr = 0.833198051948052
INFO:tensorflow:Step: 390000 - Test batch complete: accr = 0.8366477272727273
INFO:tensorflow:Step: 400000 - Test batch complete: accr = 0.822950487012987
INFO:tensorflow:Step: 410000 - Test batch complete: accr = 0.8287337662337663
INFO:tensorflow:Step: 420000 - Test batch complete: accr = 0.8264001623376623
INFO:tensorflow:Step: 430000 - Test batch complete: accr = 0.8246753246753247
INFO:tensorflow:Step: 440000 - Test batch complete: accr = 0.7999188311688312
INFO:tensorflow:Step: 450000 - Test batch complete: accr = 0.8013392857142857
INFO:tensorflow:Step: 460000 - Test batch complete: accr = 0.8342126623376623
INFO:tensorflow:Step: 470000 - Test batch complete: accr = 0.8261972402597403
INFO:tensorflow:Step: 480000 - Test batch complete: accr = 0.833400974025974
INFO:tensorflow:Step: 490000 - Test batch complete: accr = 0.815239448051948
INFO:tensorflow:Step: 500000 - Test batch complete: accr = 0.8237621753246753
INFO:tensorflow:Step: 510000 - Test batch complete: accr = 0.8116883116883117
INFO:tensorflow:Step: 520000 - Test batch complete: accr = 0.7930194805194806
INFO:tensorflow:Step: 530000 - Test batch complete: accr = 0.8195008116883117
INFO:tensorflow:Step: 540000 - Test batch complete: accr = 0.830661525974026
INFO:tensorflow:Step: 550000 - Test batch complete: accr = 0.8351258116883117
INFO:tensorflow:Step: 560000 - Test batch complete: accr = 0.8371550324675324
INFO:tensorflow:Step: 570000 - Test batch complete: accr = 0.7879464285714286
INFO:tensorflow:Step: 580000 - Test batch complete: accr = 0.8337053571428571
INFO:tensorflow:Step: 590000 - Test batch complete: accr = 0.7589285714285714
INFO:tensorflow:Step: 600000 - Test batch complete: accr = 0.8143262987012987
INFO:tensorflow:Step: 610000 - Test batch complete: accr = 0.7964691558441559
INFO:tensorflow:Step: 620000 - Test batch complete: accr = 0.8295454545454546
INFO:tensorflow:Step: 630000 - Test batch complete: accr = 0.8082386363636364
INFO:tensorflow:Step: 640000 - Test batch complete: accr = 0.8130073051948052
INFO:tensorflow:Step: 650000 - Test batch complete: accr = 0.8314732142857143
INFO:tensorflow:Step: 660000 - Test batch complete: accr = 0.815137987012987
INFO:tensorflow:Step: 670000 - Test batch complete: accr = 0.8027597402597403
INFO:tensorflow:Step: 680000 - Test batch complete: accr = 0.822849025974026
INFO:tensorflow:Step: 690000 - Test batch complete: accr = 0.8296469155844156
INFO:tensorflow:Step: 700000 - Test batch complete: accr = 0.8259943181818182
INFO:tensorflow:Step: 710000 - Test batch complete: accr = 0.8208198051948052
INFO:tensorflow:Step: 720000 - Test batch complete: accr = 0.8409090909090909
INFO:tensorflow:Step: 730000 - Test batch complete: accr = 0.8132102272727273
INFO:tensorflow:Step: 740000 - Test batch complete: accr = 0.827922077922078
INFO:tensorflow:Step: 750000 - Test batch complete: accr = 0.7925121753246753
INFO:tensorflow:Step: 760000 - Test batch complete: accr = 0.8105722402597403
INFO:tensorflow:Step: 770000 - Test batch complete: accr = 0.8101663961038961
INFO:tensorflow:Step: 780000 - Test batch complete: accr = 0.8374594155844156
INFO:tensorflow:Step: 790000 - Test batch complete: accr = 0.8485186688311688
INFO:tensorflow:Step: 800000 - Test batch complete: accr = 0.8105722402597403
INFO:tensorflow:Step: 810000 - Test batch complete: accr = 0.8510551948051948
INFO:tensorflow:Step: 820000 - Test batch complete: accr = 0.8295454545454546
INFO:tensorflow:Step: 830000 - Test batch complete: accr = 0.8246753246753247
INFO:tensorflow:Step: 840000 - Test batch complete: accr = 0.8474025974025974
INFO:tensorflow:Step: 850000 - Test batch complete: accr = 0.8525771103896104
INFO:tensorflow:Step: 860000 - Test batch complete: accr = 0.8499391233766234
INFO:tensorflow:Step: 870000 - Test batch complete: accr = 0.8455762987012987
INFO:tensorflow:Step: 880000 - Test batch complete: accr = 0.8526785714285714
INFO:tensorflow:Step: 890000 - Test batch complete: accr = 0.8450689935064936
INFO:tensorflow:Step: 900000 - Test batch complete: accr = 0.846489448051948
INFO:tensorflow:Step: 910000 - Test batch complete: accr = 0.849025974025974
INFO:tensorflow:Step: 920000 - Test batch complete: accr = 0.8469967532467533
INFO:tensorflow:Step: 930000 - Test batch complete: accr = 0.8501420454545454
INFO:tensorflow:Step: 940000 - Test batch complete: accr = 0.8529829545454546
INFO:tensorflow:Step: 950000 - Test batch complete: accr = 0.8509537337662337
INFO:tensorflow:Step: 960000 - Test batch complete: accr = 0.849127435064935
INFO:tensorflow:Step: 970000 - Test batch complete: accr = 0.8504464285714286
INFO:tensorflow:Step: 980000 - Test batch complete: accr = 0.8476055194805194
INFO:tensorflow:Step: 990000 - Test batch complete: accr = 0.8528814935064936
INFO:tensorflow:Step: 1000000 - Test batch complete: accr = 0.8470982142857143
INFO:tensorflow:Step: 1010000 - Test batch complete: accr = 0.8499391233766234
INFO:tensorflow:Step: 1020000 - Test batch complete: accr = 0.8553165584415584
INFO:tensorflow:Step: 1030000 - Test batch complete: accr = 0.8481128246753247
INFO:tensorflow:Step: 1040000 - Test batch complete: accr = 0.8494318181818182
INFO:tensorflow:Step: 1050000 - Test batch complete: accr = 0.8388798701298701
INFO:tensorflow:Step: 1060000 - Test batch complete: accr = 0.8468952922077922
INFO:tensorflow:Step: 1070000 - Test batch complete: accr = 0.8422280844155844
INFO:tensorflow:Step: 1080000 - Test batch complete: accr = 0.8479099025974026
INFO:tensorflow:Step: 1090000 - Test batch complete: accr = 0.846489448051948
INFO:tensorflow:Step: 1100000 - Test batch complete: accr = 0.8442573051948052
INFO:tensorflow:Step: 1110000 - Test batch complete: accr = 0.8426339285714286
INFO:tensorflow:Step: 1120000 - Test batch complete: accr = 0.8493303571428571
INFO:tensorflow:Step: 1130000 - Test batch complete: accr = 0.8485186688311688
INFO:tensorflow:Step: 1140000 - Test batch complete: accr = 0.8442573051948052
INFO:tensorflow:Step: 1150000 - Test batch complete: accr = 0.8415178571428571
INFO:tensorflow:Step: 1160000 - Test batch complete: accr = 0.8456777597402597
INFO:tensorflow:Step: 1170000 - Test batch complete: accr = 0.8426339285714286
INFO:tensorflow:Step: 1180000 - Test batch complete: accr = 0.848924512987013
INFO:tensorflow:Step: 1190000 - Test batch complete: accr = 0.8486201298701299
INFO:tensorflow:Step: 1200000 - Test batch complete: accr = 0.8508522727272727
INFO:tensorflow:Step: 1210000 - Test batch complete: accr = 0.8473011363636364
INFO:tensorflow:Step: 1220000 - Test batch complete: accr = 0.849025974025974
INFO:tensorflow:Step: 1230000 - Test batch complete: accr = 0.8468952922077922
INFO:tensorflow:Step: 1240000 - Test batch complete: accr = 0.8478084415584416
INFO:tensorflow:Step: 1250000 - Test batch complete: accr = 0.8372564935064936
INFO:tensorflow:Step: 1260000 - Test batch complete: accr = 0.8470982142857143
INFO:tensorflow:Step: 1270000 - Test batch complete: accr = 0.8507508116883117
INFO:tensorflow:Step: 1280000 - Test batch complete: accr = 0.8482142857142857
INFO:tensorflow:Step: 1290000 - Test batch complete: accr = 0.8483157467532467
INFO:tensorflow:Step: 1300000 - Test batch complete: accr = 0.8434456168831169
INFO:tensorflow:Step: 1310000 - Test batch complete: accr = 0.8429383116883117
INFO:tensorflow:Step: 1320000 - Test batch complete: accr = 0.8469967532467533
INFO:tensorflow:Step: 1330000 - Test batch complete: accr = 0.8507508116883117
INFO:tensorflow:Step: 1340000 - Test batch complete: accr = 0.851461038961039
INFO:tensorflow:Step: 1350000 - Test batch complete: accr = 0.8425324675324676
INFO:tensorflow:Step: 1360000 - Test batch complete: accr = 0.8499391233766234
INFO:tensorflow:Step: 1370000 - Test batch complete: accr = 0.8475040584415584
INFO:tensorflow:Step: 1380000 - Test batch complete: accr = 0.843547077922078
INFO:tensorflow:Step: 1390000 - Test batch complete: accr = 0.8497362012987013
INFO:tensorflow:Step: 1400000 - Test batch complete: accr = 0.8502435064935064
INFO:tensorflow:Step: 1410000 - Test batch complete: accr = 0.8473011363636364
INFO:tensorflow:Step: 1420000 - Test batch complete: accr = 0.8456777597402597
INFO:tensorflow:Step: 1430000 - Test batch complete: accr = 0.848924512987013
INFO:tensorflow:Step: 1440000 - Test batch complete: accr = 0.8507508116883117
INFO:tensorflow:Step: 1450000 - Test batch complete: accr = 0.8444602272727273
INFO:tensorflow:Step: 1460000 - Test batch complete: accr = 0.8506493506493507
INFO:tensorflow:Step: 1470000 - Test batch complete: accr = 0.8424310064935064
INFO:tensorflow:Step: 1480000 - Test batch complete: accr = 0.8487215909090909
INFO:tensorflow:Step: 1490000 - Test batch complete: accr = 0.8480113636363636
INFO:tensorflow:Step: 1500000 - Test batch complete: accr = 0.8483157467532467
INFO:tensorflow:Step: 1510000 - Test batch complete: accr = 0.8420251623376623
INFO:tensorflow:Step: 1520000 - Test batch complete: accr = 0.8418222402597403
INFO:tensorflow:Step: 1530000 - Test batch complete: accr = 0.8432426948051948
INFO:tensorflow:Step: 1540000 - Test batch complete: accr = 0.8502435064935064
INFO:tensorflow:Step: 1550000 - Test batch complete: accr = 0.8506493506493507
INFO:tensorflow:Step: 1560000 - Test batch complete: accr = 0.8428368506493507
INFO:tensorflow:Step: 1570000 - Test batch complete: accr = 0.8475040584415584
INFO:tensorflow:Step: 1580000 - Test batch complete: accr = 0.849127435064935
INFO:tensorflow:Step: 1590000 - Test batch complete: accr = 0.8460836038961039
INFO:tensorflow:Step: 1600000 - Test batch complete: accr = 0.8445616883116883
INFO:tensorflow:Step: 1610000 - Test batch complete: accr = 0.8454748376623377
INFO:tensorflow:Step: 1620000 - Test batch complete: accr = 0.8430397727272727
INFO:tensorflow:Step: 1630000 - Test batch complete: accr = 0.8458806818181818
INFO:tensorflow:Step: 1640000 - Test batch complete: accr = 0.843648538961039
INFO:tensorflow:Step: 1650000 - Test batch complete: accr = 0.8448660714285714
INFO:tensorflow:Step: 1660000 - Test batch complete: accr = 0.846286525974026
INFO:tensorflow:Step: 1670000 - Test batch complete: accr = 0.8448660714285714
INFO:tensorflow:Step: 1680000 - Test batch complete: accr = 0.8470982142857143
INFO:tensorflow:Step: 1690000 - Test batch complete: accr = 0.8492288961038961
INFO:tensorflow:Step: 1700000 - Test batch complete: accr = 0.8478084415584416
INFO:tensorflow:Step: 1710000 - Test batch complete: accr = 0.841112012987013
INFO:tensorflow:Step: 1720000 - Test batch complete: accr = 0.8475040584415584
INFO:tensorflow:Step: 1730000 - Test batch complete: accr = 0.846185064935065
INFO:tensorflow:Step: 1740000 - Test batch complete: accr = 0.8521712662337663
INFO:tensorflow:Step: 1750000 - Test batch complete: accr = 0.8469967532467533
INFO:tensorflow:Step: 1760000 - Test batch complete: accr = 0.8453733766233766
INFO:tensorflow:Step: 1770000 - Test batch complete: accr = 0.8492288961038961
INFO:tensorflow:Step: 1780000 - Test batch complete: accr = 0.846489448051948
INFO:tensorflow:Step: 1790000 - Test batch complete: accr = 0.8511566558441559
INFO:tensorflow:Step: 1800000 - Test batch complete: accr = 0.8456777597402597
INFO:tensorflow:Step: 1810000 - Test batch complete: accr = 0.8414163961038961
INFO:tensorflow:Step: 1820000 - Test batch complete: accr = 0.8428368506493507
INFO:tensorflow:Step: 1830000 - Test batch complete: accr = 0.8450689935064936
INFO:tensorflow:Step: 1840000 - Test batch complete: accr = 0.8486201298701299
INFO:tensorflow:Step: 1850000 - Test batch complete: accr = 0.8502435064935064
INFO:tensorflow:Step: 1860000 - Test batch complete: accr = 0.8454748376623377
INFO:tensorflow:Step: 1870000 - Test batch complete: accr = 0.8471996753246753
INFO:tensorflow:Step: 1880000 - Test batch complete: accr = 0.8501420454545454
INFO:tensorflow:Step: 1890000 - Test batch complete: accr = 0.8492288961038961
INFO:tensorflow:Step: 1900000 - Test batch complete: accr = 0.8426339285714286
INFO:tensorflow:Step: 1910000 - Test batch complete: accr = 0.849025974025974
INFO:tensorflow:Step: 1920000 - Test batch complete: accr = 0.8499391233766234
INFO:tensorflow:Step: 1930000 - Test batch complete: accr = 0.848823051948052
INFO:tensorflow:Step: 1940000 - Test batch complete: accr = 0.8480113636363636
INFO:tensorflow:Step: 1950000 - Test batch complete: accr = 0.8443587662337663
INFO:tensorflow:Step: 1960000 - Test batch complete: accr = 0.8468952922077922
INFO:tensorflow:Step: 1970000 - Test batch complete: accr = 0.84375
INFO:tensorflow:Step: 1980000 - Test batch complete: accr = 0.8468952922077922
INFO:tensorflow:Step: 1990000 - Test batch complete: accr = 0.8370535714285714
INFO:tensorflow:Step: 2000000 - Test batch complete: accr = 0.8494318181818182
INFO:tensorflow:Step: 2010000 - Test batch complete: accr = 0.8485186688311688
INFO:tensorflow:Step: 2020000 - Test batch complete: accr = 0.8420251623376623
INFO:tensorflow:Step: 2030000 - Test batch complete: accr = 0.8459821428571429
INFO:tensorflow:Step: 2040000 - Test batch complete: accr = 0.8424310064935064
INFO:tensorflow:Step: 2050000 - Test batch complete: accr = 0.8475040584415584
INFO:tensorflow:Step: 2060000 - Test batch complete: accr = 0.8477069805194806
INFO:tensorflow:Step: 2070000 - Test batch complete: accr = 0.8448660714285714
INFO:tensorflow:Step: 2080000 - Test batch complete: accr = 0.848924512987013
INFO:tensorflow:Step: 2090000 - Test batch complete: accr = 0.8450689935064936
INFO:tensorflow:Step: 2100000 - Test batch complete: accr = 0.8493303571428571
INFO:tensorflow:Step: 2110000 - Test batch complete: accr = 0.8482142857142857
INFO:tensorflow:Step: 2120000 - Test batch complete: accr = 0.8434456168831169
INFO:tensorflow:Step: 2130000 - Test batch complete: accr = 0.8537946428571429
INFO:tensorflow:Step: 2140000 - Test batch complete: accr = 0.8475040584415584
INFO:tensorflow:Step: 2150000 - Test batch complete: accr = 0.8430397727272727
INFO:tensorflow:Step: 2160000 - Test batch complete: accr = 0.8465909090909091
INFO:tensorflow:Step: 2170000 - Test batch complete: accr = 0.8497362012987013
INFO:tensorflow:Step: 2180000 - Test batch complete: accr = 0.84375
INFO:tensorflow:Step: 2190000 - Test batch complete: accr = 0.8466923701298701
INFO:tensorflow:Step: 2200000 - Test batch complete: accr = 0.8475040584415584
INFO:tensorflow:Step: 2210000 - Test batch complete: accr = 0.8526785714285714
INFO:tensorflow:Step: 2220000 - Test batch complete: accr = 0.849127435064935
INFO:tensorflow:Step: 2230000 - Test batch complete: accr = 0.8473011363636364
INFO:tensorflow:Step: 2240000 - Test batch complete: accr = 0.843952922077922
INFO:tensorflow:Step: 2250000 - Test batch complete: accr = 0.8486201298701299
INFO:tensorflow:Step: 2260000 - Test batch complete: accr = 0.846185064935065
INFO:tensorflow:Step: 2270000 - Test batch complete: accr = 0.8495332792207793
INFO:tensorflow:Step: 2280000 - Test batch complete: accr = 0.8474025974025974
INFO:tensorflow:Step: 2290000 - Test batch complete: accr = 0.8487215909090909
INFO:tensorflow:Step: 2300000 - Test batch complete: accr = 0.8376623376623377
INFO:tensorflow:Epoch: accr = 0.8492288961038961
INFO:tensorflow:Saving model ... 



****************************************
Epochs: 1, each: 2302560 steps
Steps: 2302560
teacher_name: 	None
teacher_dset: 	False
dataset: 	/opt/datasets/deepsig/modulation_classification_resnet_train.rcrd
val_dataset: 	/opt/datasets/deepsig/modulation_classification_test_snr_30.rcrd
steps: 	2302560
epochs: 	1
test: 	False
no_mean: 	False
test_output: 	None
test_batches: 	154
batch_size: 	64
learning_rate: 	0.01
model: 	resnet_twn
norespath: 	False
twn_incr_act: 	None
nu_conv: 	1.2
nu_dense: 	0.7
no_filt_vgg: 	None
no_filts: 	None
gpus: 	0
channel: 	32
directory: ../models/resnet_twn_ch32
****************************************
nu: [1.2, 1.2, 1.2, 1.2, 1.2, 1.2, 0.7, 0.7, 0.7], 
act_prec: [16, 16, 16, 16, 16, 16, 16, 16, 16], 
kernel: [3, 3, 3, 3, 3, 3, 3, 3, 3]
True
INFO:tensorflow:Starting train loop at step 0
2019-12-24 19:29:06.877438: I tensorflow/stream_executor/platform/default/dso_loader.cc:42] Successfully opened dynamic library libcublas.so.10.0
2019-12-24 19:29:08.322154: I tensorflow/stream_executor/platform/default/dso_loader.cc:42] Successfully opened dynamic library libcudnn.so.7
INFO:tensorflow:Step: 10000 - Test batch complete: accr = 0.5616883116883117
INFO:tensorflow:Step: 20000 - Test batch complete: accr = 0.6411323051948052
INFO:tensorflow:Step: 30000 - Test batch complete: accr = 0.6608157467532467
INFO:tensorflow:Step: 40000 - Test batch complete: accr = 0.7061688311688312
INFO:tensorflow:Step: 50000 - Test batch complete: accr = 0.6809050324675324
INFO:tensorflow:Step: 60000 - Test batch complete: accr = 0.6905438311688312
INFO:tensorflow:Step: 70000 - Test batch complete: accr = 0.7281858766233766
INFO:tensorflow:Step: 80000 - Test batch complete: accr = 0.7744521103896104
INFO:tensorflow:Step: 90000 - Test batch complete: accr = 0.7702922077922078
INFO:tensorflow:Step: 100000 - Test batch complete: accr = 0.6357548701298701
INFO:tensorflow:Step: 110000 - Test batch complete: accr = 0.8115868506493507
INFO:tensorflow:Step: 120000 - Test batch complete: accr = 0.7714082792207793
INFO:tensorflow:Step: 130000 - Test batch complete: accr = 0.807426948051948
INFO:tensorflow:Step: 140000 - Test batch complete: accr = 0.8289366883116883
INFO:tensorflow:Step: 150000 - Test batch complete: accr = 0.7829748376623377
INFO:tensorflow:Step: 160000 - Test batch complete: accr = 0.7972808441558441
INFO:tensorflow:Step: 170000 - Test batch complete: accr = 0.8330965909090909
INFO:tensorflow:Step: 180000 - Test batch complete: accr = 0.8261972402597403
INFO:tensorflow:Step: 190000 - Test batch complete: accr = 0.8188920454545454
INFO:tensorflow:Step: 200000 - Test batch complete: accr = 0.8121956168831169
INFO:tensorflow:Step: 210000 - Test batch complete: accr = 0.7882508116883117
INFO:tensorflow:Step: 220000 - Test batch complete: accr = 0.828125
INFO:tensorflow:Step: 230000 - Test batch complete: accr = 0.7565949675324676
INFO:tensorflow:Step: 240000 - Test batch complete: accr = 0.8010349025974026
INFO:tensorflow:Step: 250000 - Test batch complete: accr = 0.7985998376623377
INFO:tensorflow:Step: 260000 - Test batch complete: accr = 0.8193993506493507
INFO:tensorflow:Step: 270000 - Test batch complete: accr = 0.8309659090909091
INFO:tensorflow:Step: 280000 - Test batch complete: accr = 0.8052962662337663
INFO:tensorflow:Step: 290000 - Test batch complete: accr = 0.7984983766233766
INFO:tensorflow:Step: 300000 - Test batch complete: accr = 0.8139204545454546
INFO:tensorflow:Step: 310000 - Test batch complete: accr = 0.7950487012987013
INFO:tensorflow:Step: 320000 - Test batch complete: accr = 0.8359375
INFO:tensorflow:Step: 330000 - Test batch complete: accr = 0.8432426948051948
INFO:tensorflow:Step: 340000 - Test batch complete: accr = 0.8477069805194806
INFO:tensorflow:Step: 350000 - Test batch complete: accr = 0.838575487012987
INFO:tensorflow:Step: 360000 - Test batch complete: accr = 0.8369521103896104
INFO:tensorflow:Step: 370000 - Test batch complete: accr = 0.8328936688311688
INFO:tensorflow:Step: 380000 - Test batch complete: accr = 0.8211241883116883
INFO:tensorflow:Step: 390000 - Test batch complete: accr = 0.841213474025974
INFO:tensorflow:Step: 400000 - Test batch complete: accr = 0.8408076298701299
INFO:tensorflow:Step: 410000 - Test batch complete: accr = 0.7471590909090909
INFO:tensorflow:Step: 420000 - Test batch complete: accr = 0.8289366883116883
INFO:tensorflow:Step: 430000 - Test batch complete: accr = 0.8269074675324676
INFO:tensorflow:Step: 440000 - Test batch complete: accr = 0.8417207792207793
INFO:tensorflow:Step: 450000 - Test batch complete: accr = 0.8028612012987013
INFO:tensorflow:Step: 460000 - Test batch complete: accr = 0.8432426948051948
INFO:tensorflow:Step: 470000 - Test batch complete: accr = 0.8407061688311688
INFO:tensorflow:Step: 480000 - Test batch complete: accr = 0.8135146103896104
INFO:tensorflow:Step: 490000 - Test batch complete: accr = 0.8172686688311688
INFO:tensorflow:Step: 500000 - Test batch complete: accr = 0.8311688311688312
INFO:tensorflow:Step: 510000 - Test batch complete: accr = 0.8393871753246753
INFO:tensorflow:Step: 520000 - Test batch complete: accr = 0.8030641233766234
INFO:tensorflow:Step: 530000 - Test batch complete: accr = 0.8275162337662337
INFO:tensorflow:Step: 540000 - Test batch complete: accr = 0.822747564935065
INFO:tensorflow:Step: 550000 - Test batch complete: accr = 0.835836038961039
INFO:tensorflow:Step: 560000 - Test batch complete: accr = 0.830762987012987
INFO:tensorflow:Step: 570000 - Test batch complete: accr = 0.8419237012987013
INFO:tensorflow:Step: 580000 - Test batch complete: accr = 0.7939326298701299
INFO:tensorflow:Step: 590000 - Test batch complete: accr = 0.8359375
INFO:tensorflow:Step: 600000 - Test batch complete: accr = 0.8285308441558441
INFO:tensorflow:Step: 610000 - Test batch complete: accr = 0.8479099025974026
INFO:tensorflow:Step: 620000 - Test batch complete: accr = 0.8111810064935064
INFO:tensorflow:Step: 630000 - Test batch complete: accr = 0.7792207792207793
INFO:tensorflow:Step: 640000 - Test batch complete: accr = 0.825588474025974
INFO:tensorflow:Step: 650000 - Test batch complete: accr = 0.804890422077922
INFO:tensorflow:Step: 660000 - Test batch complete: accr = 0.8430397727272727
INFO:tensorflow:Step: 670000 - Test batch complete: accr = 0.8326907467532467
INFO:tensorflow:Step: 680000 - Test batch complete: accr = 0.807426948051948
INFO:tensorflow:Step: 690000 - Test batch complete: accr = 0.8276176948051948
INFO:tensorflow:Step: 700000 - Test batch complete: accr = 0.8346185064935064
INFO:tensorflow:Step: 710000 - Test batch complete: accr = 0.8329951298701299
INFO:tensorflow:Step: 720000 - Test batch complete: accr = 0.8143262987012987
INFO:tensorflow:Step: 730000 - Test batch complete: accr = 0.802049512987013
INFO:tensorflow:Step: 740000 - Test batch complete: accr = 0.791497564935065
INFO:tensorflow:Step: 750000 - Test batch complete: accr = 0.8296469155844156
INFO:tensorflow:Step: 760000 - Test batch complete: accr = 0.7627840909090909
INFO:tensorflow:Step: 770000 - Test batch complete: accr = 0.8395900974025974
INFO:tensorflow:Step: 780000 - Test batch complete: accr = 0.8207183441558441
INFO:tensorflow:Step: 790000 - Test batch complete: accr = 0.8487215909090909
INFO:tensorflow:Step: 800000 - Test batch complete: accr = 0.814935064935065
INFO:tensorflow:Step: 810000 - Test batch complete: accr = 0.8442573051948052
INFO:tensorflow:Step: 820000 - Test batch complete: accr = 0.8563311688311688
INFO:tensorflow:Step: 830000 - Test batch complete: accr = 0.8460836038961039
INFO:tensorflow:Step: 840000 - Test batch complete: accr = 0.854301948051948
INFO:tensorflow:Step: 850000 - Test batch complete: accr = 0.8578530844155844
INFO:tensorflow:Step: 860000 - Test batch complete: accr = 0.8613027597402597
INFO:tensorflow:Step: 870000 - Test batch complete: accr = 0.8606939935064936
INFO:tensorflow:Step: 880000 - Test batch complete: accr = 0.8615056818181818
INFO:tensorflow:Step: 890000 - Test batch complete: accr = 0.8655641233766234
INFO:tensorflow:Step: 900000 - Test batch complete: accr = 0.8629261363636364
INFO:tensorflow:Step: 910000 - Test batch complete: accr = 0.8606939935064936
INFO:tensorflow:Step: 920000 - Test batch complete: accr = 0.8639407467532467
INFO:tensorflow:Step: 930000 - Test batch complete: accr = 0.8588676948051948
INFO:tensorflow:Step: 940000 - Test batch complete: accr = 0.8583603896103896
INFO:tensorflow:Step: 950000 - Test batch complete: accr = 0.861911525974026
INFO:tensorflow:Step: 960000 - Test batch complete: accr = 0.8553165584415584
INFO:tensorflow:Step: 970000 - Test batch complete: accr = 0.8585633116883117
INFO:tensorflow:Step: 980000 - Test batch complete: accr = 0.8557224025974026
INFO:tensorflow:Step: 990000 - Test batch complete: accr = 0.8570413961038961
INFO:tensorflow:Step: 1000000 - Test batch complete: accr = 0.8559253246753247
INFO:tensorflow:Step: 1010000 - Test batch complete: accr = 0.8587662337662337
INFO:tensorflow:Step: 1020000 - Test batch complete: accr = 0.8526785714285714
INFO:tensorflow:Step: 1030000 - Test batch complete: accr = 0.8508522727272727
INFO:tensorflow:Step: 1040000 - Test batch complete: accr = 0.8565340909090909
INFO:tensorflow:Step: 1050000 - Test batch complete: accr = 0.8562297077922078
INFO:tensorflow:Step: 1060000 - Test batch complete: accr = 0.8571428571428571
INFO:tensorflow:Step: 1070000 - Test batch complete: accr = 0.8597808441558441
INFO:tensorflow:Step: 1080000 - Test batch complete: accr = 0.8598823051948052
INFO:tensorflow:Step: 1090000 - Test batch complete: accr = 0.8601866883116883
INFO:tensorflow:Step: 1100000 - Test batch complete: accr = 0.8557224025974026
INFO:tensorflow:Step: 1110000 - Test batch complete: accr = 0.8624188311688312
INFO:tensorflow:Step: 1120000 - Test batch complete: accr = 0.851765422077922
INFO:tensorflow:Step: 1130000 - Test batch complete: accr = 0.8563311688311688
INFO:tensorflow:Step: 1140000 - Test batch complete: accr = 0.8550121753246753
INFO:tensorflow:Step: 1150000 - Test batch complete: accr = 0.8590706168831169
INFO:tensorflow:Step: 1160000 - Test batch complete: accr = 0.8629261363636364
INFO:tensorflow:Step: 1170000 - Test batch complete: accr = 0.8565340909090909
INFO:tensorflow:Step: 1180000 - Test batch complete: accr = 0.8577516233766234
INFO:tensorflow:Step: 1190000 - Test batch complete: accr = 0.856737012987013
INFO:tensorflow:Step: 1200000 - Test batch complete: accr = 0.8580560064935064
INFO:tensorflow:Step: 1210000 - Test batch complete: accr = 0.8552150974025974
INFO:tensorflow:Step: 1220000 - Test batch complete: accr = 0.8598823051948052
INFO:tensorflow:Step: 1230000 - Test batch complete: accr = 0.8527800324675324
INFO:tensorflow:Step: 1240000 - Test batch complete: accr = 0.856838474025974
INFO:tensorflow:Step: 1250000 - Test batch complete: accr = 0.8559253246753247
INFO:tensorflow:Step: 1260000 - Test batch complete: accr = 0.8613027597402597
INFO:tensorflow:Step: 1270000 - Test batch complete: accr = 0.861810064935065
INFO:tensorflow:Step: 1280000 - Test batch complete: accr = 0.8565340909090909
INFO:tensorflow:Step: 1290000 - Test batch complete: accr = 0.8520698051948052
INFO:tensorflow:Step: 1300000 - Test batch complete: accr = 0.8617086038961039
INFO:tensorflow:Step: 1310000 - Test batch complete: accr = 0.8528814935064936
INFO:tensorflow:Step: 1320000 - Test batch complete: accr = 0.8527800324675324
INFO:tensorflow:Step: 1330000 - Test batch complete: accr = 0.8576501623376623
INFO:tensorflow:Step: 1340000 - Test batch complete: accr = 0.8557224025974026
INFO:tensorflow:Step: 1350000 - Test batch complete: accr = 0.8628246753246753
INFO:tensorflow:Step: 1360000 - Test batch complete: accr = 0.8549107142857143
INFO:tensorflow:Step: 1370000 - Test batch complete: accr = 0.8584618506493507
INFO:tensorflow:Step: 1380000 - Test batch complete: accr = 0.8527800324675324
INFO:tensorflow:Step: 1390000 - Test batch complete: accr = 0.8535917207792207
INFO:tensorflow:Step: 1400000 - Test batch complete: accr = 0.8603896103896104
INFO:tensorflow:Step: 1410000 - Test batch complete: accr = 0.8598823051948052
INFO:tensorflow:Step: 1420000 - Test batch complete: accr = 0.8561282467532467
INFO:tensorflow:Step: 1430000 - Test batch complete: accr = 0.8581574675324676
INFO:tensorflow:Step: 1440000 - Test batch complete: accr = 0.8565340909090909
INFO:tensorflow:Step: 1450000 - Test batch complete: accr = 0.8556209415584416
INFO:tensorflow:Step: 1460000 - Test batch complete: accr = 0.8589691558441559
INFO:tensorflow:Step: 1470000 - Test batch complete: accr = 0.859375
INFO:tensorflow:Step: 1480000 - Test batch complete: accr = 0.8579545454545454
INFO:tensorflow:Step: 1490000 - Test batch complete: accr = 0.8597808441558441
INFO:tensorflow:Step: 1500000 - Test batch complete: accr = 0.8557224025974026
INFO:tensorflow:Step: 1510000 - Test batch complete: accr = 0.859172077922078
INFO:tensorflow:Step: 1520000 - Test batch complete: accr = 0.8610998376623377
INFO:tensorflow:Step: 1530000 - Test batch complete: accr = 0.8578530844155844
INFO:tensorflow:Step: 1540000 - Test batch complete: accr = 0.8562297077922078
INFO:tensorflow:Step: 1550000 - Test batch complete: accr = 0.8573457792207793
INFO:tensorflow:Step: 1560000 - Test batch complete: accr = 0.8590706168831169
INFO:tensorflow:Step: 1570000 - Test batch complete: accr = 0.8562297077922078
INFO:tensorflow:Step: 1580000 - Test batch complete: accr = 0.8580560064935064
INFO:tensorflow:Step: 1590000 - Test batch complete: accr = 0.8605925324675324
INFO:tensorflow:Step: 1600000 - Test batch complete: accr = 0.8588676948051948
INFO:tensorflow:Step: 1610000 - Test batch complete: accr = 0.8585633116883117
INFO:tensorflow:Step: 1620000 - Test batch complete: accr = 0.8573457792207793
INFO:tensorflow:Step: 1630000 - Test batch complete: accr = 0.8590706168831169
INFO:tensorflow:Step: 1640000 - Test batch complete: accr = 0.859476461038961
INFO:tensorflow:Step: 1650000 - Test batch complete: accr = 0.8605925324675324
INFO:tensorflow:Step: 1660000 - Test batch complete: accr = 0.8556209415584416
INFO:tensorflow:Step: 1670000 - Test batch complete: accr = 0.8535917207792207
INFO:tensorflow:Step: 1680000 - Test batch complete: accr = 0.856737012987013
INFO:tensorflow:Step: 1690000 - Test batch complete: accr = 0.859172077922078
INFO:tensorflow:Step: 1700000 - Test batch complete: accr = 0.8577516233766234
INFO:tensorflow:Step: 1710000 - Test batch complete: accr = 0.8607954545454546
INFO:tensorflow:Step: 1720000 - Test batch complete: accr = 0.8589691558441559
INFO:tensorflow:Step: 1730000 - Test batch complete: accr = 0.854200487012987
INFO:tensorflow:Step: 1740000 - Test batch complete: accr = 0.8603896103896104
INFO:tensorflow:Step: 1750000 - Test batch complete: accr = 0.8585633116883117
INFO:tensorflow:Step: 1760000 - Test batch complete: accr = 0.859273538961039
INFO:tensorflow:Step: 1770000 - Test batch complete: accr = 0.856939935064935
INFO:tensorflow:Step: 1780000 - Test batch complete: accr = 0.8555194805194806
INFO:tensorflow:Step: 1790000 - Test batch complete: accr = 0.8589691558441559
INFO:tensorflow:Step: 1800000 - Test batch complete: accr = 0.8588676948051948
INFO:tensorflow:Step: 1810000 - Test batch complete: accr = 0.8570413961038961
INFO:tensorflow:Step: 1820000 - Test batch complete: accr = 0.8564326298701299
INFO:tensorflow:Step: 1830000 - Test batch complete: accr = 0.8547077922077922
INFO:tensorflow:Step: 1840000 - Test batch complete: accr = 0.8608969155844156
INFO:tensorflow:Step: 1850000 - Test batch complete: accr = 0.8583603896103896
INFO:tensorflow:Step: 1860000 - Test batch complete: accr = 0.8602881493506493
INFO:tensorflow:Step: 1870000 - Test batch complete: accr = 0.8600852272727273
INFO:tensorflow:Step: 1880000 - Test batch complete: accr = 0.8577516233766234
INFO:tensorflow:Step: 1890000 - Test batch complete: accr = 0.854301948051948
INFO:tensorflow:Step: 1900000 - Test batch complete: accr = 0.8603896103896104
INFO:tensorflow:Step: 1910000 - Test batch complete: accr = 0.8579545454545454
INFO:tensorflow:Step: 1920000 - Test batch complete: accr = 0.8553165584415584
INFO:tensorflow:Step: 1930000 - Test batch complete: accr = 0.8556209415584416
INFO:tensorflow:Step: 1940000 - Test batch complete: accr = 0.859273538961039
INFO:tensorflow:Step: 1950000 - Test batch complete: accr = 0.8581574675324676
INFO:tensorflow:Step: 1960000 - Test batch complete: accr = 0.8582589285714286
INFO:tensorflow:Step: 1970000 - Test batch complete: accr = 0.8549107142857143
INFO:tensorflow:Step: 1980000 - Test batch complete: accr = 0.8560267857142857
INFO:tensorflow:Step: 1990000 - Test batch complete: accr = 0.8564326298701299
INFO:tensorflow:Step: 2000000 - Test batch complete: accr = 0.8598823051948052
INFO:tensorflow:Step: 2010000 - Test batch complete: accr = 0.8548092532467533
INFO:tensorflow:Step: 2020000 - Test batch complete: accr = 0.8579545454545454
INFO:tensorflow:Step: 2030000 - Test batch complete: accr = 0.851765422077922
INFO:tensorflow:Step: 2040000 - Test batch complete: accr = 0.854200487012987
INFO:tensorflow:Step: 2050000 - Test batch complete: accr = 0.8552150974025974
INFO:tensorflow:Step: 2060000 - Test batch complete: accr = 0.8572443181818182
INFO:tensorflow:Step: 2070000 - Test batch complete: accr = 0.8580560064935064
INFO:tensorflow:Step: 2080000 - Test batch complete: accr = 0.859476461038961
INFO:tensorflow:Step: 2090000 - Test batch complete: accr = 0.8532873376623377
INFO:tensorflow:Step: 2100000 - Test batch complete: accr = 0.8559253246753247
INFO:tensorflow:Step: 2110000 - Test batch complete: accr = 0.8609983766233766
INFO:tensorflow:Step: 2120000 - Test batch complete: accr = 0.8580560064935064
INFO:tensorflow:Step: 2130000 - Test batch complete: accr = 0.8598823051948052
INFO:tensorflow:Step: 2140000 - Test batch complete: accr = 0.8508522727272727
INFO:tensorflow:Step: 2150000 - Test batch complete: accr = 0.8587662337662337
INFO:tensorflow:Step: 2160000 - Test batch complete: accr = 0.8561282467532467
INFO:tensorflow:Step: 2170000 - Test batch complete: accr = 0.8538961038961039
INFO:tensorflow:Step: 2180000 - Test batch complete: accr = 0.8564326298701299
INFO:tensorflow:Step: 2190000 - Test batch complete: accr = 0.859172077922078
INFO:tensorflow:Step: 2200000 - Test batch complete: accr = 0.8596793831168831
INFO:tensorflow:Step: 2210000 - Test batch complete: accr = 0.8603896103896104
INFO:tensorflow:Step: 2220000 - Test batch complete: accr = 0.859172077922078
INFO:tensorflow:Step: 2230000 - Test batch complete: accr = 0.8624188311688312
INFO:tensorflow:Step: 2240000 - Test batch complete: accr = 0.8564326298701299
INFO:tensorflow:Step: 2250000 - Test batch complete: accr = 0.8609983766233766
INFO:tensorflow:Step: 2260000 - Test batch complete: accr = 0.856838474025974
INFO:tensorflow:Step: 2270000 - Test batch complete: accr = 0.859172077922078
INFO:tensorflow:Step: 2280000 - Test batch complete: accr = 0.8582589285714286
INFO:tensorflow:Step: 2290000 - Test batch complete: accr = 0.8583603896103896
INFO:tensorflow:Step: 2300000 - Test batch complete: accr = 0.8581574675324676
INFO:tensorflow:Epoch: accr = 0.8573457792207793
INFO:tensorflow:Saving model ... 



****************************************
Epochs: 1, each: 2302560 steps
Steps: 2302560
teacher_name: 	None
teacher_dset: 	False
dataset: 	/opt/datasets/deepsig/modulation_classification_resnet_train.rcrd
val_dataset: 	/opt/datasets/deepsig/modulation_classification_test_snr_30.rcrd
steps: 	2302560
epochs: 	1
test: 	False
no_mean: 	False
test_output: 	None
test_batches: 	154
batch_size: 	64
learning_rate: 	0.01
model: 	resnet_twn
norespath: 	True
twn_incr_act: 	None
nu_conv: 	1.2
nu_dense: 	0.7
no_filt_vgg: 	None
no_filts: 	None
gpus: 	0
channel: 	64
directory: ../models/resnet_twn_ch64_norespath
****************************************
nu: [1.2, 1.2, 1.2, 1.2, 1.2, 1.2, 0.7, 0.7, 0.7], 
act_prec: [16, 16, 16, 16, 16, 16, 16, 16, 16], 
kernel: [3, 3, 3, 3, 3, 3, 3, 3, 3]
False
INFO:tensorflow:Starting train loop at step 0
2019-12-25 04:18:21.762114: I tensorflow/stream_executor/platform/default/dso_loader.cc:42] Successfully opened dynamic library libcublas.so.10.0
2019-12-25 04:18:23.275811: I tensorflow/stream_executor/platform/default/dso_loader.cc:42] Successfully opened dynamic library libcudnn.so.7
INFO:tensorflow:Step: 10000 - Test batch complete: accr = 0.6096793831168831
INFO:tensorflow:Step: 20000 - Test batch complete: accr = 0.5968952922077922
INFO:tensorflow:Step: 30000 - Test batch complete: accr = 0.765726461038961
INFO:tensorflow:Step: 40000 - Test batch complete: accr = 0.6840503246753247
INFO:tensorflow:Step: 50000 - Test batch complete: accr = 0.7932224025974026
INFO:tensorflow:Step: 60000 - Test batch complete: accr = 0.7772930194805194
INFO:tensorflow:Step: 70000 - Test batch complete: accr = 0.760349025974026
INFO:tensorflow:Step: 80000 - Test batch complete: accr = 0.7308238636363636
INFO:tensorflow:Step: 90000 - Test batch complete: accr = 0.8167613636363636
INFO:tensorflow:Step: 100000 - Test batch complete: accr = 0.6735998376623377
INFO:tensorflow:Step: 110000 - Test batch complete: accr = 0.7840909090909091
INFO:tensorflow:Step: 120000 - Test batch complete: accr = 0.8614042207792207
INFO:tensorflow:Step: 130000 - Test batch complete: accr = 0.6703530844155844
INFO:tensorflow:Step: 140000 - Test batch complete: accr = 0.853997564935065
INFO:tensorflow:Step: 150000 - Test batch complete: accr = 0.8588676948051948
INFO:tensorflow:Step: 160000 - Test batch complete: accr = 0.8693181818181818
INFO:tensorflow:Step: 170000 - Test batch complete: accr = 0.8711444805194806
INFO:tensorflow:Step: 180000 - Test batch complete: accr = 0.8726663961038961
INFO:tensorflow:Step: 190000 - Test batch complete: accr = 0.8640422077922078
INFO:tensorflow:Step: 200000 - Test batch complete: accr = 0.8678977272727273
INFO:tensorflow:Step: 210000 - Test batch complete: accr = 0.8773336038961039
INFO:tensorflow:Step: 220000 - Test batch complete: accr = 0.8887987012987013
INFO:tensorflow:Step: 230000 - Test batch complete: accr = 0.8838271103896104
INFO:tensorflow:Step: 240000 - Test batch complete: accr = 0.8850446428571429
INFO:tensorflow:Step: 250000 - Test batch complete: accr = 0.8700284090909091
INFO:tensorflow:Step: 260000 - Test batch complete: accr = 0.883015422077922
INFO:tensorflow:Step: 270000 - Test batch complete: accr = 0.8812905844155844
INFO:tensorflow:Step: 280000 - Test batch complete: accr = 0.888088474025974
INFO:tensorflow:Step: 290000 - Test batch complete: accr = 0.8875811688311688
INFO:tensorflow:Step: 300000 - Test batch complete: accr = 0.8807832792207793
INFO:tensorflow:Step: 310000 - Test batch complete: accr = 0.8727678571428571
INFO:tensorflow:Step: 320000 - Test batch complete: accr = 0.8766233766233766
INFO:tensorflow:Step: 330000 - Test batch complete: accr = 0.8863636363636364
INFO:tensorflow:Step: 340000 - Test batch complete: accr = 0.872463474025974
INFO:tensorflow:Step: 350000 - Test batch complete: accr = 0.8928571428571429
INFO:tensorflow:Step: 360000 - Test batch complete: accr = 0.8870738636363636
INFO:tensorflow:Step: 370000 - Test batch complete: accr = 0.8813920454545454
INFO:tensorflow:Step: 380000 - Test batch complete: accr = 0.885551948051948
INFO:tensorflow:Step: 390000 - Test batch complete: accr = 0.8872767857142857
INFO:tensorflow:Step: 400000 - Test batch complete: accr = 0.8867694805194806
INFO:tensorflow:Step: 410000 - Test batch complete: accr = 0.8966112012987013
INFO:tensorflow:Step: 420000 - Test batch complete: accr = 0.8942775974025974
INFO:tensorflow:Step: 430000 - Test batch complete: accr = 0.8969155844155844
INFO:tensorflow:Step: 440000 - Test batch complete: accr = 0.893161525974026
INFO:tensorflow:Step: 450000 - Test batch complete: accr = 0.8968141233766234
INFO:tensorflow:Step: 460000 - Test batch complete: accr = 0.8953936688311688
INFO:tensorflow:Step: 470000 - Test batch complete: accr = 0.8862621753246753
INFO:tensorflow:Step: 480000 - Test batch complete: accr = 0.893060064935065
INFO:tensorflow:Step: 490000 - Test batch complete: accr = 0.8892045454545454
INFO:tensorflow:Step: 500000 - Test batch complete: accr = 0.8771306818181818
INFO:tensorflow:Step: 510000 - Test batch complete: accr = 0.890523538961039
INFO:tensorflow:Step: 520000 - Test batch complete: accr = 0.8939732142857143
INFO:tensorflow:Step: 530000 - Test batch complete: accr = 0.8981331168831169
INFO:tensorflow:Step: 540000 - Test batch complete: accr = 0.8871753246753247
INFO:tensorflow:Step: 550000 - Test batch complete: accr = 0.8935673701298701
INFO:tensorflow:Step: 560000 - Test batch complete: accr = 0.8922483766233766
INFO:tensorflow:Step: 570000 - Test batch complete: accr = 0.8887987012987013
INFO:tensorflow:Step: 580000 - Test batch complete: accr = 0.8940746753246753
INFO:tensorflow:Step: 590000 - Test batch complete: accr = 0.8872767857142857
INFO:tensorflow:Step: 600000 - Test batch complete: accr = 0.895799512987013
INFO:tensorflow:Step: 610000 - Test batch complete: accr = 0.901075487012987
INFO:tensorflow:Step: 620000 - Test batch complete: accr = 0.8955965909090909
INFO:tensorflow:Step: 630000 - Test batch complete: accr = 0.8809862012987013
INFO:tensorflow:Step: 640000 - Test batch complete: accr = 0.8863636363636364
INFO:tensorflow:Step: 650000 - Test batch complete: accr = 0.898640422077922
INFO:tensorflow:Step: 660000 - Test batch complete: accr = 0.885349025974026
INFO:tensorflow:Step: 670000 - Test batch complete: accr = 0.8895089285714286
INFO:tensorflow:Step: 680000 - Test batch complete: accr = 0.8944805194805194
INFO:tensorflow:Step: 690000 - Test batch complete: accr = 0.8920454545454546
INFO:tensorflow:Step: 700000 - Test batch complete: accr = 0.8945819805194806
INFO:tensorflow:Step: 710000 - Test batch complete: accr = 0.8915381493506493
INFO:tensorflow:Step: 720000 - Test batch complete: accr = 0.8920454545454546
INFO:tensorflow:Step: 730000 - Test batch complete: accr = 0.8967126623376623
INFO:tensorflow:Step: 740000 - Test batch complete: accr = 0.8840300324675324
INFO:tensorflow:Step: 750000 - Test batch complete: accr = 0.893161525974026
INFO:tensorflow:Step: 760000 - Test batch complete: accr = 0.8946834415584416
INFO:tensorflow:Step: 770000 - Test batch complete: accr = 0.8900162337662337
INFO:tensorflow:Step: 780000 - Test batch complete: accr = 0.9020900974025974
INFO:tensorflow:Step: 790000 - Test batch complete: accr = 0.8971185064935064
INFO:tensorflow:Step: 800000 - Test batch complete: accr = 0.8938717532467533
INFO:tensorflow:Step: 810000 - Test batch complete: accr = 0.8954951298701299
INFO:tensorflow:Step: 820000 - Test batch complete: accr = 0.8951907467532467
INFO:tensorflow:Step: 830000 - Test batch complete: accr = 0.8966112012987013
INFO:tensorflow:Step: 840000 - Test batch complete: accr = 0.8840300324675324
INFO:tensorflow:Step: 850000 - Test batch complete: accr = 0.8991477272727273
INFO:tensorflow:Step: 860000 - Test batch complete: accr = 0.885450487012987
INFO:tensorflow:Step: 870000 - Test batch complete: accr = 0.8997564935064936
INFO:tensorflow:Step: 880000 - Test batch complete: accr = 0.9012784090909091
INFO:tensorflow:Step: 890000 - Test batch complete: accr = 0.8998579545454546
INFO:tensorflow:Step: 900000 - Test batch complete: accr = 0.9041193181818182
INFO:tensorflow:Step: 910000 - Test batch complete: accr = 0.9076704545454546
INFO:tensorflow:Step: 920000 - Test batch complete: accr = 0.9096996753246753
INFO:tensorflow:Step: 930000 - Test batch complete: accr = 0.9018871753246753
INFO:tensorflow:Step: 940000 - Test batch complete: accr = 0.9078733766233766
INFO:tensorflow:Step: 950000 - Test batch complete: accr = 0.9013798701298701
INFO:tensorflow:Step: 960000 - Test batch complete: accr = 0.9053368506493507
INFO:tensorflow:Step: 970000 - Test batch complete: accr = 0.9049310064935064
INFO:tensorflow:Step: 980000 - Test batch complete: accr = 0.9031047077922078
INFO:tensorflow:Step: 990000 - Test batch complete: accr = 0.9031047077922078
INFO:tensorflow:Step: 1000000 - Test batch complete: accr = 0.9056412337662337
INFO:tensorflow:Step: 1010000 - Test batch complete: accr = 0.903713474025974
INFO:tensorflow:Step: 1020000 - Test batch complete: accr = 0.9043222402597403
INFO:tensorflow:Step: 1030000 - Test batch complete: accr = 0.90625
INFO:tensorflow:Step: 1040000 - Test batch complete: accr = 0.9000608766233766
INFO:tensorflow:Step: 1050000 - Test batch complete: accr = 0.9051339285714286
INFO:tensorflow:Step: 1060000 - Test batch complete: accr = 0.9041193181818182
INFO:tensorflow:Step: 1070000 - Test batch complete: accr = 0.903713474025974
INFO:tensorflow:Step: 1080000 - Test batch complete: accr = 0.9072646103896104
INFO:tensorflow:Step: 1090000 - Test batch complete: accr = 0.9077719155844156
INFO:tensorflow:Step: 1100000 - Test batch complete: accr = 0.9026988636363636
INFO:tensorflow:Step: 1110000 - Test batch complete: accr = 0.901075487012987
INFO:tensorflow:Step: 1120000 - Test batch complete: accr = 0.9034090909090909
INFO:tensorflow:Step: 1130000 - Test batch complete: accr = 0.9093952922077922
INFO:tensorflow:Step: 1140000 - Test batch complete: accr = 0.9107142857142857
INFO:tensorflow:Step: 1150000 - Test batch complete: accr = 0.9021915584415584
INFO:tensorflow:Step: 1160000 - Test batch complete: accr = 0.9085836038961039
INFO:tensorflow:Step: 1170000 - Test batch complete: accr = 0.903510551948052
INFO:tensorflow:Step: 1180000 - Test batch complete: accr = 0.9025974025974026
INFO:tensorflow:Step: 1190000 - Test batch complete: accr = 0.906351461038961
INFO:tensorflow:Step: 1200000 - Test batch complete: accr = 0.898234577922078
INFO:tensorflow:Step: 1210000 - Test batch complete: accr = 0.9026988636363636
INFO:tensorflow:Step: 1220000 - Test batch complete: accr = 0.9107142857142857
INFO:tensorflow:Step: 1230000 - Test batch complete: accr = 0.9059456168831169
INFO:tensorflow:Step: 1240000 - Test batch complete: accr = 0.9059456168831169
INFO:tensorflow:Step: 1250000 - Test batch complete: accr = 0.9043222402597403
INFO:tensorflow:Step: 1260000 - Test batch complete: accr = 0.9067573051948052
INFO:tensorflow:Step: 1270000 - Test batch complete: accr = 0.9083806818181818
INFO:tensorflow:Step: 1280000 - Test batch complete: accr = 0.9052353896103896
INFO:tensorflow:Step: 1290000 - Test batch complete: accr = 0.903713474025974
INFO:tensorflow:Step: 1300000 - Test batch complete: accr = 0.9099025974025974
INFO:tensorflow:Step: 1310000 - Test batch complete: accr = 0.9044237012987013
INFO:tensorflow:Step: 1320000 - Test batch complete: accr = 0.9047280844155844
INFO:tensorflow:Step: 1330000 - Test batch complete: accr = 0.9098011363636364
INFO:tensorflow:Step: 1340000 - Test batch complete: accr = 0.908989448051948
INFO:tensorflow:Step: 1350000 - Test batch complete: accr = 0.903814935064935
INFO:tensorflow:Step: 1360000 - Test batch complete: accr = 0.9079748376623377
INFO:tensorflow:Step: 1370000 - Test batch complete: accr = 0.9053368506493507
INFO:tensorflow:Step: 1380000 - Test batch complete: accr = 0.9070616883116883
